This file contains any messages produced by compilers while
running configure, to aid debugging if configure makes a mistake.

It was created by openvswitch configure 2.3.0, which was
generated by GNU Autoconf 2.69.  Invocation command line was

  $ ./configure 

## --------- ##
## Platform. ##
## --------- ##

hostname = davide-MS-1688
uname -m = i686
uname -r = 3.13.0-24-generic
uname -s = Linux
uname -v = #47-Ubuntu SMP Fri May 2 23:31:42 UTC 2014

/usr/bin/uname -p = unknown
/bin/uname -X     = unknown

/bin/arch              = unknown
/usr/bin/arch -k       = unknown
/usr/convex/getsysinfo = unknown
/usr/bin/hostinfo      = unknown
/bin/machine           = unknown
/usr/bin/oslevel       = unknown
/bin/universe          = unknown

PATH: /home/davide/netkit/bin
PATH: /usr/local/sbin
PATH: /usr/local/bin
PATH: /usr/sbin
PATH: /usr/bin
PATH: /sbin
PATH: /bin
PATH: /usr/games
PATH: /usr/local/games


## ----------- ##
## Core tests. ##
## ----------- ##

configure:2654: checking for a BSD-compatible install
configure:2722: result: /usr/bin/install -c
configure:2733: checking whether build environment is sane
configure:2788: result: yes
configure:2939: checking for a thread-safe mkdir -p
configure:2978: result: /bin/mkdir -p
configure:2985: checking for gawk
configure:3001: found /usr/bin/gawk
configure:3012: result: gawk
configure:3023: checking whether make sets $(MAKE)
configure:3045: result: yes
configure:3074: checking whether make supports nested variables
configure:3091: result: yes
configure:3265: checking for gcc
configure:3281: found /usr/bin/gcc
configure:3292: result: gcc
configure:3521: checking for C compiler version
configure:3530: gcc --version >&5
gcc (Ubuntu 4.8.2-19ubuntu1) 4.8.2
Copyright (C) 2013 Free Software Foundation, Inc.
This is free software; see the source for copying conditions.  There is NO
warranty; not even for MERCHANTABILITY or FITNESS FOR A PARTICULAR PURPOSE.

configure:3541: $? = 0
configure:3530: gcc -v >&5
Using built-in specs.
COLLECT_GCC=gcc
COLLECT_LTO_WRAPPER=/usr/lib/gcc/i686-linux-gnu/4.8/lto-wrapper
Target: i686-linux-gnu
Configured with: ../src/configure -v --with-pkgversion='Ubuntu 4.8.2-19ubuntu1' --with-bugurl=file:///usr/share/doc/gcc-4.8/README.Bugs --enable-languages=c,c++,java,go,d,fortran,objc,obj-c++ --prefix=/usr --program-suffix=-4.8 --enable-shared --enable-linker-build-id --libexecdir=/usr/lib --without-included-gettext --enable-threads=posix --with-gxx-include-dir=/usr/include/c++/4.8 --libdir=/usr/lib --enable-nls --with-sysroot=/ --enable-clocale=gnu --enable-libstdcxx-debug --enable-libstdcxx-time=yes --enable-gnu-unique-object --disable-libmudflap --enable-plugin --with-system-zlib --disable-browser-plugin --enable-java-awt=gtk --enable-gtk-cairo --with-java-home=/usr/lib/jvm/java-1.5.0-gcj-4.8-i386/jre --enable-java-home --with-jvm-root-dir=/usr/lib/jvm/java-1.5.0-gcj-4.8-i386 --with-jvm-jar-dir=/usr/lib/jvm-exports/java-1.5.0-gcj-4.8-i386 --with-arch-directory=i386 --with-ecj-jar=/usr/share/java/eclipse-ecj.jar --enable-objc-gc --enable-targets=all --enable-multiarch --disable-werror --with-arch-32=i686 --with-multilib-list=m32,m64,mx32 --with-tune=generic --enable-checking=release --build=i686-linux-gnu --host=i686-linux-gnu --target=i686-linux-gnu
Thread model: posix
gcc version 4.8.2 (Ubuntu 4.8.2-19ubuntu1) 
configure:3541: $? = 0
configure:3530: gcc -V >&5
gcc: error: unrecognized command line option '-V'
gcc: fatal error: no input files
compilation terminated.
configure:3541: $? = 4
configure:3530: gcc -qversion >&5
gcc: error: unrecognized command line option '-qversion'
gcc: fatal error: no input files
compilation terminated.
configure:3541: $? = 4
configure:3561: checking whether the C compiler works
configure:3583: gcc    conftest.c  >&5
configure:3587: $? = 0
configure:3635: result: yes
configure:3638: checking for C compiler default output file name
configure:3640: result: a.out
configure:3646: checking for suffix of executables
configure:3653: gcc -o conftest    conftest.c  >&5
configure:3657: $? = 0
configure:3679: result: 
configure:3701: checking whether we are cross compiling
configure:3709: gcc -o conftest    conftest.c  >&5
configure:3713: $? = 0
configure:3720: ./conftest
configure:3724: $? = 0
configure:3739: result: no
configure:3744: checking for suffix of object files
configure:3766: gcc -c   conftest.c >&5
configure:3770: $? = 0
configure:3791: result: o
configure:3795: checking whether we are using the GNU C compiler
configure:3814: gcc -c   conftest.c >&5
configure:3814: $? = 0
configure:3823: result: yes
configure:3832: checking whether gcc accepts -g
configure:3852: gcc -c -g  conftest.c >&5
configure:3852: $? = 0
configure:3893: result: yes
configure:3910: checking for gcc option to accept ISO C89
configure:3973: gcc  -c -g -O2  conftest.c >&5
configure:3973: $? = 0
configure:3986: result: none needed
configure:4011: checking whether gcc understands -c and -o together
configure:4033: gcc -c conftest.c -o conftest2.o
configure:4036: $? = 0
configure:4033: gcc -c conftest.c -o conftest2.o
configure:4036: $? = 0
configure:4048: result: yes
configure:4076: checking for style of include used by make
configure:4104: result: GNU
configure:4130: checking dependency style of gcc
configure:4241: result: gcc3
configure:4262: checking how to run the C preprocessor
configure:4293: gcc -E  conftest.c
configure:4293: $? = 0
configure:4307: gcc -E  conftest.c
conftest.c:11:28: fatal error: ac_nonexistent.h: No such file or directory
 #include <ac_nonexistent.h>
                            ^
compilation terminated.
configure:4307: $? = 1
configure: failed program was:
| /* confdefs.h */
| #define PACKAGE_NAME "openvswitch"
| #define PACKAGE_TARNAME "openvswitch"
| #define PACKAGE_VERSION "2.3.0"
| #define PACKAGE_STRING "openvswitch 2.3.0"
| #define PACKAGE_BUGREPORT "bugs@openvswitch.org"
| #define PACKAGE_URL ""
| #define PACKAGE "openvswitch"
| #define VERSION "2.3.0"
| /* end confdefs.h.  */
| #include <ac_nonexistent.h>
configure:4332: result: gcc -E
configure:4352: gcc -E  conftest.c
configure:4352: $? = 0
configure:4366: gcc -E  conftest.c
conftest.c:11:28: fatal error: ac_nonexistent.h: No such file or directory
 #include <ac_nonexistent.h>
                            ^
compilation terminated.
configure:4366: $? = 1
configure: failed program was:
| /* confdefs.h */
| #define PACKAGE_NAME "openvswitch"
| #define PACKAGE_TARNAME "openvswitch"
| #define PACKAGE_VERSION "2.3.0"
| #define PACKAGE_STRING "openvswitch 2.3.0"
| #define PACKAGE_BUGREPORT "bugs@openvswitch.org"
| #define PACKAGE_URL ""
| #define PACKAGE "openvswitch"
| #define VERSION "2.3.0"
| /* end confdefs.h.  */
| #include <ac_nonexistent.h>
configure:4395: checking for grep that handles long lines and -e
configure:4453: result: /bin/grep
configure:4458: checking for fgrep
configure:4520: result: /bin/grep -F
configure:4525: checking for egrep
configure:4587: result: /bin/grep -E
configure:4596: checking for perl
configure:4614: found /usr/bin/perl
configure:4627: result: /usr/bin/perl
configure:4645: checking for ANSI C header files
configure:4665: gcc -c -g -O2  conftest.c >&5
configure:4665: $? = 0
configure:4738: gcc -o conftest -g -O2   conftest.c  >&5
configure:4738: $? = 0
configure:4738: ./conftest
configure:4738: $? = 0
configure:4749: result: yes
configure:4762: checking for sys/types.h
configure:4762: gcc -c -g -O2  conftest.c >&5
configure:4762: $? = 0
configure:4762: result: yes
configure:4762: checking for sys/stat.h
configure:4762: gcc -c -g -O2  conftest.c >&5
configure:4762: $? = 0
configure:4762: result: yes
configure:4762: checking for stdlib.h
configure:4762: gcc -c -g -O2  conftest.c >&5
configure:4762: $? = 0
configure:4762: result: yes
configure:4762: checking for string.h
configure:4762: gcc -c -g -O2  conftest.c >&5
configure:4762: $? = 0
configure:4762: result: yes
configure:4762: checking for memory.h
configure:4762: gcc -c -g -O2  conftest.c >&5
configure:4762: $? = 0
configure:4762: result: yes
configure:4762: checking for strings.h
configure:4762: gcc -c -g -O2  conftest.c >&5
configure:4762: $? = 0
configure:4762: result: yes
configure:4762: checking for inttypes.h
configure:4762: gcc -c -g -O2  conftest.c >&5
configure:4762: $? = 0
configure:4762: result: yes
configure:4762: checking for stdint.h
configure:4762: gcc -c -g -O2  conftest.c >&5
configure:4762: $? = 0
configure:4762: result: yes
configure:4762: checking for unistd.h
configure:4762: gcc -c -g -O2  conftest.c >&5
configure:4762: $? = 0
configure:4762: result: yes
configure:4775: checking minix/config.h usability
configure:4775: gcc -c -g -O2  conftest.c >&5
conftest.c:54:26: fatal error: minix/config.h: No such file or directory
 #include <minix/config.h>
                          ^
compilation terminated.
configure:4775: $? = 1
configure: failed program was:
| /* confdefs.h */
| #define PACKAGE_NAME "openvswitch"
| #define PACKAGE_TARNAME "openvswitch"
| #define PACKAGE_VERSION "2.3.0"
| #define PACKAGE_STRING "openvswitch 2.3.0"
| #define PACKAGE_BUGREPORT "bugs@openvswitch.org"
| #define PACKAGE_URL ""
| #define PACKAGE "openvswitch"
| #define VERSION "2.3.0"
| #define STDC_HEADERS 1
| #define HAVE_SYS_TYPES_H 1
| #define HAVE_SYS_STAT_H 1
| #define HAVE_STDLIB_H 1
| #define HAVE_STRING_H 1
| #define HAVE_MEMORY_H 1
| #define HAVE_STRINGS_H 1
| #define HAVE_INTTYPES_H 1
| #define HAVE_STDINT_H 1
| #define HAVE_UNISTD_H 1
| /* end confdefs.h.  */
| #include <stdio.h>
| #ifdef HAVE_SYS_TYPES_H
| # include <sys/types.h>
| #endif
| #ifdef HAVE_SYS_STAT_H
| # include <sys/stat.h>
| #endif
| #ifdef STDC_HEADERS
| # include <stdlib.h>
| # include <stddef.h>
| #else
| # ifdef HAVE_STDLIB_H
| #  include <stdlib.h>
| # endif
| #endif
| #ifdef HAVE_STRING_H
| # if !defined STDC_HEADERS && defined HAVE_MEMORY_H
| #  include <memory.h>
| # endif
| # include <string.h>
| #endif
| #ifdef HAVE_STRINGS_H
| # include <strings.h>
| #endif
| #ifdef HAVE_INTTYPES_H
| # include <inttypes.h>
| #endif
| #ifdef HAVE_STDINT_H
| # include <stdint.h>
| #endif
| #ifdef HAVE_UNISTD_H
| # include <unistd.h>
| #endif
| #include <minix/config.h>
configure:4775: result: no
configure:4775: checking minix/config.h presence
configure:4775: gcc -E  conftest.c
conftest.c:21:26: fatal error: minix/config.h: No such file or directory
 #include <minix/config.h>
                          ^
compilation terminated.
configure:4775: $? = 1
configure: failed program was:
| /* confdefs.h */
| #define PACKAGE_NAME "openvswitch"
| #define PACKAGE_TARNAME "openvswitch"
| #define PACKAGE_VERSION "2.3.0"
| #define PACKAGE_STRING "openvswitch 2.3.0"
| #define PACKAGE_BUGREPORT "bugs@openvswitch.org"
| #define PACKAGE_URL ""
| #define PACKAGE "openvswitch"
| #define VERSION "2.3.0"
| #define STDC_HEADERS 1
| #define HAVE_SYS_TYPES_H 1
| #define HAVE_SYS_STAT_H 1
| #define HAVE_STDLIB_H 1
| #define HAVE_STRING_H 1
| #define HAVE_MEMORY_H 1
| #define HAVE_STRINGS_H 1
| #define HAVE_INTTYPES_H 1
| #define HAVE_STDINT_H 1
| #define HAVE_UNISTD_H 1
| /* end confdefs.h.  */
| #include <minix/config.h>
configure:4775: result: no
configure:4775: checking for minix/config.h
configure:4775: result: no
configure:4796: checking whether it is safe to define __EXTENSIONS__
configure:4814: gcc -c -g -O2  conftest.c >&5
configure:4814: $? = 0
configure:4821: result: yes
configure:4835: checking whether byte ordering is bigendian
configure:4850: gcc -c -g -O2  conftest.c >&5
conftest.c:27:9: error: unknown type name 'not'
         not a universal capable compiler
         ^
conftest.c:27:15: error: expected '=', ',', ';', 'asm' or '__attribute__' before 'universal'
         not a universal capable compiler
               ^
conftest.c:27:15: error: unknown type name 'universal'
configure:4850: $? = 1
configure: failed program was:
| /* confdefs.h */
| #define PACKAGE_NAME "openvswitch"
| #define PACKAGE_TARNAME "openvswitch"
| #define PACKAGE_VERSION "2.3.0"
| #define PACKAGE_STRING "openvswitch 2.3.0"
| #define PACKAGE_BUGREPORT "bugs@openvswitch.org"
| #define PACKAGE_URL ""
| #define PACKAGE "openvswitch"
| #define VERSION "2.3.0"
| #define STDC_HEADERS 1
| #define HAVE_SYS_TYPES_H 1
| #define HAVE_SYS_STAT_H 1
| #define HAVE_STDLIB_H 1
| #define HAVE_STRING_H 1
| #define HAVE_MEMORY_H 1
| #define HAVE_STRINGS_H 1
| #define HAVE_INTTYPES_H 1
| #define HAVE_STDINT_H 1
| #define HAVE_UNISTD_H 1
| #define __EXTENSIONS__ 1
| #define _ALL_SOURCE 1
| #define _GNU_SOURCE 1
| #define _POSIX_PTHREAD_SEMANTICS 1
| #define _TANDEM_SOURCE 1
| /* end confdefs.h.  */
| #ifndef __APPLE_CC__
| 	       not a universal capable compiler
| 	     #endif
| 	     typedef int dummy;
| 
configure:4895: gcc -c -g -O2  conftest.c >&5
configure:4895: $? = 0
configure:4913: gcc -c -g -O2  conftest.c >&5
conftest.c: In function 'main':
conftest.c:33:4: error: unknown type name 'not'
    not big endian
    ^
conftest.c:33:12: error: expected '=', ',', ';', 'asm' or '__attribute__' before 'endian'
    not big endian
            ^
configure:4913: $? = 1
configure: failed program was:
| /* confdefs.h */
| #define PACKAGE_NAME "openvswitch"
| #define PACKAGE_TARNAME "openvswitch"
| #define PACKAGE_VERSION "2.3.0"
| #define PACKAGE_STRING "openvswitch 2.3.0"
| #define PACKAGE_BUGREPORT "bugs@openvswitch.org"
| #define PACKAGE_URL ""
| #define PACKAGE "openvswitch"
| #define VERSION "2.3.0"
| #define STDC_HEADERS 1
| #define HAVE_SYS_TYPES_H 1
| #define HAVE_SYS_STAT_H 1
| #define HAVE_STDLIB_H 1
| #define HAVE_STRING_H 1
| #define HAVE_MEMORY_H 1
| #define HAVE_STRINGS_H 1
| #define HAVE_INTTYPES_H 1
| #define HAVE_STDINT_H 1
| #define HAVE_UNISTD_H 1
| #define __EXTENSIONS__ 1
| #define _ALL_SOURCE 1
| #define _GNU_SOURCE 1
| #define _POSIX_PTHREAD_SEMANTICS 1
| #define _TANDEM_SOURCE 1
| /* end confdefs.h.  */
| #include <sys/types.h>
| 		#include <sys/param.h>
| 
| int
| main ()
| {
| #if BYTE_ORDER != BIG_ENDIAN
| 		 not big endian
| 		#endif
| 
|   ;
|   return 0;
| }
configure:5041: result: no
configure:5066: checking for special C compiler options needed for large files
configure:5111: result: no
configure:5117: checking for _FILE_OFFSET_BITS value needed for large files
configure:5142: gcc -c -g -O2  conftest.c >&5
conftest.c:32:7: error: size of array 'off_t_is_large' is negative
   int off_t_is_large[(LARGE_OFF_T % 2147483629 == 721
       ^
configure:5142: $? = 1
configure: failed program was:
| /* confdefs.h */
| #define PACKAGE_NAME "openvswitch"
| #define PACKAGE_TARNAME "openvswitch"
| #define PACKAGE_VERSION "2.3.0"
| #define PACKAGE_STRING "openvswitch 2.3.0"
| #define PACKAGE_BUGREPORT "bugs@openvswitch.org"
| #define PACKAGE_URL ""
| #define PACKAGE "openvswitch"
| #define VERSION "2.3.0"
| #define STDC_HEADERS 1
| #define HAVE_SYS_TYPES_H 1
| #define HAVE_SYS_STAT_H 1
| #define HAVE_STDLIB_H 1
| #define HAVE_STRING_H 1
| #define HAVE_MEMORY_H 1
| #define HAVE_STRINGS_H 1
| #define HAVE_INTTYPES_H 1
| #define HAVE_STDINT_H 1
| #define HAVE_UNISTD_H 1
| #define __EXTENSIONS__ 1
| #define _ALL_SOURCE 1
| #define _GNU_SOURCE 1
| #define _POSIX_PTHREAD_SEMANTICS 1
| #define _TANDEM_SOURCE 1
| /* end confdefs.h.  */
| #include <sys/types.h>
|  /* Check that off_t can represent 2**63 - 1 correctly.
|     We can't simply define LARGE_OFF_T to be 9223372036854775807,
|     since some C++ compilers masquerading as C compilers
|     incorrectly reject 9223372036854775807.  */
| #define LARGE_OFF_T ((((off_t) 1 << 31) << 31) - 1 + (((off_t) 1 << 31) << 31))
|   int off_t_is_large[(LARGE_OFF_T % 2147483629 == 721
| 		       && LARGE_OFF_T % 2147483647 == 1)
| 		      ? 1 : -1];
| int
| main ()
| {
| 
|   ;
|   return 0;
| }
configure:5166: gcc -c -g -O2  conftest.c >&5
configure:5166: $? = 0
configure:5174: result: 64
configure:5289: checking build system type
configure:5303: result: i686-pc-linux-gnu
configure:5323: checking host system type
configure:5336: result: i686-pc-linux-gnu
configure:5377: checking how to print strings
configure:5404: result: printf
configure:5425: checking for a sed that does not truncate output
configure:5489: result: /bin/sed
configure:5537: checking for ld used by gcc
configure:5604: result: /usr/bin/ld
configure:5611: checking if the linker (/usr/bin/ld) is GNU ld
configure:5626: result: yes
configure:5638: checking for BSD- or MS-compatible name lister (nm)
configure:5687: result: /usr/bin/nm -B
configure:5817: checking the name lister (/usr/bin/nm -B) interface
configure:5824: gcc -c -g -O2  conftest.c >&5
configure:5827: /usr/bin/nm -B "conftest.o"
configure:5830: output
00000000 B some_variable
configure:5837: result: BSD nm
configure:5840: checking whether ln -s works
configure:5844: result: yes
configure:5852: checking the maximum length of command line arguments
configure:5983: result: 1572864
configure:6000: checking whether the shell understands some XSI constructs
configure:6010: result: yes
configure:6014: checking whether the shell understands "+="
configure:6020: result: yes
configure:6055: checking how to convert i686-pc-linux-gnu file names to i686-pc-linux-gnu format
configure:6095: result: func_convert_file_noop
configure:6102: checking how to convert i686-pc-linux-gnu file names to toolchain format
configure:6122: result: func_convert_file_noop
configure:6129: checking for /usr/bin/ld option to reload object files
configure:6136: result: -r
configure:6210: checking for objdump
configure:6226: found /usr/bin/objdump
configure:6237: result: objdump
configure:6269: checking how to recognize dependent libraries
configure:6467: result: pass_all
configure:6552: checking for dlltool
configure:6582: result: no
configure:6612: checking how to associate runtime and link libraries
configure:6639: result: printf %s\n
configure:6699: checking for ar
configure:6715: found /usr/bin/ar
configure:6726: result: ar
configure:6763: checking for archiver @FILE support
configure:6780: gcc -c -g -O2  conftest.c >&5
configure:6780: $? = 0
configure:6783: ar cru libconftest.a @conftest.lst >&5
configure:6786: $? = 0
configure:6791: ar cru libconftest.a @conftest.lst >&5
ar: conftest.o: No such file or directory
configure:6794: $? = 1
configure:6806: result: @
configure:6864: checking for strip
configure:6880: found /usr/bin/strip
configure:6891: result: strip
configure:6963: checking for ranlib
configure:6979: found /usr/bin/ranlib
configure:6990: result: ranlib
configure:7092: checking command to parse /usr/bin/nm -B output from gcc object
configure:7212: gcc -c -g -O2  conftest.c >&5
configure:7215: $? = 0
configure:7219: /usr/bin/nm -B conftest.o \| sed -n -e 's/^.*[ ]\([ABCDGIRSTW][ABCDGIRSTW]*\)[ ][ ]*\([_A-Za-z][_A-Za-z0-9]*\)$/\1 \2 \2/p' | sed '/ __gnu_lto/d' \> conftest.nm
configure:7222: $? = 0
configure:7288: gcc -o conftest -g -O2   conftest.c conftstm.o >&5
configure:7291: $? = 0
configure:7329: result: ok
configure:7366: checking for sysroot
configure:7396: result: no
configure:7665: checking for mt
configure:7681: found /bin/mt
configure:7692: result: mt
configure:7715: checking if mt is a manifest tool
configure:7721: mt '-?'
configure:7729: result: no
configure:8368: checking for dlfcn.h
configure:8368: gcc -c -g -O2  conftest.c >&5
configure:8368: $? = 0
configure:8368: result: yes
configure:8573: checking for objdir
configure:8588: result: .libs
configure:8859: checking if gcc supports -fno-rtti -fno-exceptions
configure:8877: gcc -c -g -O2  -fno-rtti -fno-exceptions conftest.c >&5
cc1: warning: command line option '-fno-rtti' is valid for C++/ObjC++ but not for C [enabled by default]
configure:8881: $? = 0
configure:8894: result: no
configure:9221: checking for gcc option to produce PIC
configure:9228: result: -fPIC -DPIC
configure:9236: checking if gcc PIC flag -fPIC -DPIC works
configure:9254: gcc -c -g -O2  -fPIC -DPIC -DPIC conftest.c >&5
configure:9258: $? = 0
configure:9271: result: yes
configure:9300: checking if gcc static flag -static works
configure:9328: result: yes
configure:9343: checking if gcc supports -c -o file.o
configure:9364: gcc -c -g -O2  -o out/conftest2.o conftest.c >&5
configure:9368: $? = 0
configure:9390: result: yes
configure:9398: checking if gcc supports -c -o file.o
configure:9445: result: yes
configure:9478: checking whether the gcc linker (/usr/bin/ld) supports shared libraries
configure:10635: result: yes
configure:10875: checking dynamic linker characteristics
configure:11375: gcc -o conftest -g -O2   -Wl,-rpath -Wl,/foo conftest.c  >&5
configure:11375: $? = 0
configure:11609: result: GNU/Linux ld.so
configure:11716: checking how to hardcode library paths into programs
configure:11741: result: immediate
configure:12281: checking whether stripping libraries is possible
configure:12286: result: yes
configure:12321: checking if libtool supports shared libraries
configure:12323: result: yes
configure:12326: checking whether to build shared libraries
configure:12347: result: no
configure:12350: checking whether to build static libraries
configure:12354: result: yes
configure:12392: checking for library containing pow
configure:12423: gcc -o conftest -g -O2   conftest.c  >&5
conftest.c:36:6: warning: conflicting types for built-in function 'pow' [enabled by default]
 char pow ();
      ^
/tmp/cc5p6geQ.o: In function `main':
/home/davide/Scrivania/Tesi/ovs-openstate/conftest.c:40: undefined reference to `pow'
collect2: error: ld returned 1 exit status
configure:12423: $? = 1
configure: failed program was:
| /* confdefs.h */
| #define PACKAGE_NAME "openvswitch"
| #define PACKAGE_TARNAME "openvswitch"
| #define PACKAGE_VERSION "2.3.0"
| #define PACKAGE_STRING "openvswitch 2.3.0"
| #define PACKAGE_BUGREPORT "bugs@openvswitch.org"
| #define PACKAGE_URL ""
| #define PACKAGE "openvswitch"
| #define VERSION "2.3.0"
| #define STDC_HEADERS 1
| #define HAVE_SYS_TYPES_H 1
| #define HAVE_SYS_STAT_H 1
| #define HAVE_STDLIB_H 1
| #define HAVE_STRING_H 1
| #define HAVE_MEMORY_H 1
| #define HAVE_STRINGS_H 1
| #define HAVE_INTTYPES_H 1
| #define HAVE_STDINT_H 1
| #define HAVE_UNISTD_H 1
| #define __EXTENSIONS__ 1
| #define _ALL_SOURCE 1
| #define _GNU_SOURCE 1
| #define _POSIX_PTHREAD_SEMANTICS 1
| #define _TANDEM_SOURCE 1
| #define _FILE_OFFSET_BITS 64
| #define HAVE_DLFCN_H 1
| #define LT_OBJDIR ".libs/"
| /* end confdefs.h.  */
| 
| /* Override any GCC internal prototype to avoid an error.
|    Use char because int might match the return type of a GCC
|    builtin and then its argument prototype would still apply.  */
| #ifdef __cplusplus
| extern "C"
| #endif
| char pow ();
| int
| main ()
| {
| return pow ();
|   ;
|   return 0;
| }
configure:12423: gcc -o conftest -g -O2   conftest.c -lm   >&5
conftest.c:36:6: warning: conflicting types for built-in function 'pow' [enabled by default]
 char pow ();
      ^
configure:12423: $? = 0
configure:12440: result: -lm
configure:12448: checking for library containing clock_gettime
configure:12479: gcc -o conftest -g -O2   conftest.c -lm  >&5
configure:12479: $? = 0
configure:12496: result: none required
configure:12504: checking for library containing timer_create
configure:12535: gcc -o conftest -g -O2   conftest.c -lm  >&5
/tmp/ccL516d2.o: In function `main':
/home/davide/Scrivania/Tesi/ovs-openstate/conftest.c:40: undefined reference to `timer_create'
collect2: error: ld returned 1 exit status
configure:12535: $? = 1
configure: failed program was:
| /* confdefs.h */
| #define PACKAGE_NAME "openvswitch"
| #define PACKAGE_TARNAME "openvswitch"
| #define PACKAGE_VERSION "2.3.0"
| #define PACKAGE_STRING "openvswitch 2.3.0"
| #define PACKAGE_BUGREPORT "bugs@openvswitch.org"
| #define PACKAGE_URL ""
| #define PACKAGE "openvswitch"
| #define VERSION "2.3.0"
| #define STDC_HEADERS 1
| #define HAVE_SYS_TYPES_H 1
| #define HAVE_SYS_STAT_H 1
| #define HAVE_STDLIB_H 1
| #define HAVE_STRING_H 1
| #define HAVE_MEMORY_H 1
| #define HAVE_STRINGS_H 1
| #define HAVE_INTTYPES_H 1
| #define HAVE_STDINT_H 1
| #define HAVE_UNISTD_H 1
| #define __EXTENSIONS__ 1
| #define _ALL_SOURCE 1
| #define _GNU_SOURCE 1
| #define _POSIX_PTHREAD_SEMANTICS 1
| #define _TANDEM_SOURCE 1
| #define _FILE_OFFSET_BITS 64
| #define HAVE_DLFCN_H 1
| #define LT_OBJDIR ".libs/"
| /* end confdefs.h.  */
| 
| /* Override any GCC internal prototype to avoid an error.
|    Use char because int might match the return type of a GCC
|    builtin and then its argument prototype would still apply.  */
| #ifdef __cplusplus
| extern "C"
| #endif
| char timer_create ();
| int
| main ()
| {
| return timer_create ();
|   ;
|   return 0;
| }
configure:12535: gcc -o conftest -g -O2   conftest.c -lrt  -lm  >&5
configure:12535: $? = 0
configure:12552: result: -lrt
configure:12560: checking for library containing pthread_sigmask
configure:12591: gcc -o conftest -g -O2   conftest.c -lrt -lm  >&5
/tmp/ccKWy3ud.o: In function `main':
/home/davide/Scrivania/Tesi/ovs-openstate/conftest.c:40: undefined reference to `pthread_sigmask'
collect2: error: ld returned 1 exit status
configure:12591: $? = 1
configure: failed program was:
| /* confdefs.h */
| #define PACKAGE_NAME "openvswitch"
| #define PACKAGE_TARNAME "openvswitch"
| #define PACKAGE_VERSION "2.3.0"
| #define PACKAGE_STRING "openvswitch 2.3.0"
| #define PACKAGE_BUGREPORT "bugs@openvswitch.org"
| #define PACKAGE_URL ""
| #define PACKAGE "openvswitch"
| #define VERSION "2.3.0"
| #define STDC_HEADERS 1
| #define HAVE_SYS_TYPES_H 1
| #define HAVE_SYS_STAT_H 1
| #define HAVE_STDLIB_H 1
| #define HAVE_STRING_H 1
| #define HAVE_MEMORY_H 1
| #define HAVE_STRINGS_H 1
| #define HAVE_INTTYPES_H 1
| #define HAVE_STDINT_H 1
| #define HAVE_UNISTD_H 1
| #define __EXTENSIONS__ 1
| #define _ALL_SOURCE 1
| #define _GNU_SOURCE 1
| #define _POSIX_PTHREAD_SEMANTICS 1
| #define _TANDEM_SOURCE 1
| #define _FILE_OFFSET_BITS 64
| #define HAVE_DLFCN_H 1
| #define LT_OBJDIR ".libs/"
| /* end confdefs.h.  */
| 
| /* Override any GCC internal prototype to avoid an error.
|    Use char because int might match the return type of a GCC
|    builtin and then its argument prototype would still apply.  */
| #ifdef __cplusplus
| extern "C"
| #endif
| char pthread_sigmask ();
| int
| main ()
| {
| return pthread_sigmask ();
|   ;
|   return 0;
| }
configure:12591: gcc -o conftest -g -O2   conftest.c -lpthread  -lrt -lm  >&5
configure:12591: $? = 0
configure:12608: result: -lpthread
configure:12616: checking whether strerror_r is declared
configure:12616: gcc -c -g -O2  conftest.c >&5
configure:12616: $? = 0
configure:12616: result: yes
configure:12629: checking for strerror_r
configure:12629: gcc -o conftest -g -O2   conftest.c -lpthread -lrt -lm  >&5
configure:12629: $? = 0
configure:12629: result: yes
configure:12638: checking whether strerror_r returns char *
configure:12662: gcc -c -g -O2  conftest.c >&5
configure:12662: $? = 0
configure:12700: result: yes
configure:12709: checking vmware.h usability
configure:12709: gcc -c -g -O2  conftest.c >&5
conftest.c:65:20: fatal error: vmware.h: No such file or directory
 #include <vmware.h>
                    ^
compilation terminated.
configure:12709: $? = 1
configure: failed program was:
| /* confdefs.h */
| #define PACKAGE_NAME "openvswitch"
| #define PACKAGE_TARNAME "openvswitch"
| #define PACKAGE_VERSION "2.3.0"
| #define PACKAGE_STRING "openvswitch 2.3.0"
| #define PACKAGE_BUGREPORT "bugs@openvswitch.org"
| #define PACKAGE_URL ""
| #define PACKAGE "openvswitch"
| #define VERSION "2.3.0"
| #define STDC_HEADERS 1
| #define HAVE_SYS_TYPES_H 1
| #define HAVE_SYS_STAT_H 1
| #define HAVE_STDLIB_H 1
| #define HAVE_STRING_H 1
| #define HAVE_MEMORY_H 1
| #define HAVE_STRINGS_H 1
| #define HAVE_INTTYPES_H 1
| #define HAVE_STDINT_H 1
| #define HAVE_UNISTD_H 1
| #define __EXTENSIONS__ 1
| #define _ALL_SOURCE 1
| #define _GNU_SOURCE 1
| #define _POSIX_PTHREAD_SEMANTICS 1
| #define _TANDEM_SOURCE 1
| #define _FILE_OFFSET_BITS 64
| #define HAVE_DLFCN_H 1
| #define LT_OBJDIR ".libs/"
| #define HAVE_DECL_STRERROR_R 1
| #define HAVE_STRERROR_R 1
| #define STRERROR_R_CHAR_P 1
| /* end confdefs.h.  */
| #include <stdio.h>
| #ifdef HAVE_SYS_TYPES_H
| # include <sys/types.h>
| #endif
| #ifdef HAVE_SYS_STAT_H
| # include <sys/stat.h>
| #endif
| #ifdef STDC_HEADERS
| # include <stdlib.h>
| # include <stddef.h>
| #else
| # ifdef HAVE_STDLIB_H
| #  include <stdlib.h>
| # endif
| #endif
| #ifdef HAVE_STRING_H
| # if !defined STDC_HEADERS && defined HAVE_MEMORY_H
| #  include <memory.h>
| # endif
| # include <string.h>
| #endif
| #ifdef HAVE_STRINGS_H
| # include <strings.h>
| #endif
| #ifdef HAVE_INTTYPES_H
| # include <inttypes.h>
| #endif
| #ifdef HAVE_STDINT_H
| # include <stdint.h>
| #endif
| #ifdef HAVE_UNISTD_H
| # include <unistd.h>
| #endif
| #include <vmware.h>
configure:12709: result: no
configure:12709: checking vmware.h presence
configure:12709: gcc -E  conftest.c
conftest.c:32:20: fatal error: vmware.h: No such file or directory
 #include <vmware.h>
                    ^
compilation terminated.
configure:12709: $? = 1
configure: failed program was:
| /* confdefs.h */
| #define PACKAGE_NAME "openvswitch"
| #define PACKAGE_TARNAME "openvswitch"
| #define PACKAGE_VERSION "2.3.0"
| #define PACKAGE_STRING "openvswitch 2.3.0"
| #define PACKAGE_BUGREPORT "bugs@openvswitch.org"
| #define PACKAGE_URL ""
| #define PACKAGE "openvswitch"
| #define VERSION "2.3.0"
| #define STDC_HEADERS 1
| #define HAVE_SYS_TYPES_H 1
| #define HAVE_SYS_STAT_H 1
| #define HAVE_STDLIB_H 1
| #define HAVE_STRING_H 1
| #define HAVE_MEMORY_H 1
| #define HAVE_STRINGS_H 1
| #define HAVE_INTTYPES_H 1
| #define HAVE_STDINT_H 1
| #define HAVE_UNISTD_H 1
| #define __EXTENSIONS__ 1
| #define _ALL_SOURCE 1
| #define _GNU_SOURCE 1
| #define _POSIX_PTHREAD_SEMANTICS 1
| #define _TANDEM_SOURCE 1
| #define _FILE_OFFSET_BITS 64
| #define HAVE_DLFCN_H 1
| #define LT_OBJDIR ".libs/"
| #define HAVE_DECL_STRERROR_R 1
| #define HAVE_STRERROR_R 1
| #define STRERROR_R_CHAR_P 1
| /* end confdefs.h.  */
| #include <vmware.h>
configure:12709: result: no
configure:12709: checking for vmware.h
configure:12709: result: no
configure:12730: checking windows.h usability
configure:12730: gcc -c -g -O2  conftest.c >&5
conftest.c:65:21: fatal error: windows.h: No such file or directory
 #include <windows.h>
                     ^
compilation terminated.
configure:12730: $? = 1
configure: failed program was:
| /* confdefs.h */
| #define PACKAGE_NAME "openvswitch"
| #define PACKAGE_TARNAME "openvswitch"
| #define PACKAGE_VERSION "2.3.0"
| #define PACKAGE_STRING "openvswitch 2.3.0"
| #define PACKAGE_BUGREPORT "bugs@openvswitch.org"
| #define PACKAGE_URL ""
| #define PACKAGE "openvswitch"
| #define VERSION "2.3.0"
| #define STDC_HEADERS 1
| #define HAVE_SYS_TYPES_H 1
| #define HAVE_SYS_STAT_H 1
| #define HAVE_STDLIB_H 1
| #define HAVE_STRING_H 1
| #define HAVE_MEMORY_H 1
| #define HAVE_STRINGS_H 1
| #define HAVE_INTTYPES_H 1
| #define HAVE_STDINT_H 1
| #define HAVE_UNISTD_H 1
| #define __EXTENSIONS__ 1
| #define _ALL_SOURCE 1
| #define _GNU_SOURCE 1
| #define _POSIX_PTHREAD_SEMANTICS 1
| #define _TANDEM_SOURCE 1
| #define _FILE_OFFSET_BITS 64
| #define HAVE_DLFCN_H 1
| #define LT_OBJDIR ".libs/"
| #define HAVE_DECL_STRERROR_R 1
| #define HAVE_STRERROR_R 1
| #define STRERROR_R_CHAR_P 1
| /* end confdefs.h.  */
| #include <stdio.h>
| #ifdef HAVE_SYS_TYPES_H
| # include <sys/types.h>
| #endif
| #ifdef HAVE_SYS_STAT_H
| # include <sys/stat.h>
| #endif
| #ifdef STDC_HEADERS
| # include <stdlib.h>
| # include <stddef.h>
| #else
| # ifdef HAVE_STDLIB_H
| #  include <stdlib.h>
| # endif
| #endif
| #ifdef HAVE_STRING_H
| # if !defined STDC_HEADERS && defined HAVE_MEMORY_H
| #  include <memory.h>
| # endif
| # include <string.h>
| #endif
| #ifdef HAVE_STRINGS_H
| # include <strings.h>
| #endif
| #ifdef HAVE_INTTYPES_H
| # include <inttypes.h>
| #endif
| #ifdef HAVE_STDINT_H
| # include <stdint.h>
| #endif
| #ifdef HAVE_UNISTD_H
| # include <unistd.h>
| #endif
| #include <windows.h>
configure:12730: result: no
configure:12730: checking windows.h presence
configure:12730: gcc -E  conftest.c
conftest.c:32:21: fatal error: windows.h: No such file or directory
 #include <windows.h>
                     ^
compilation terminated.
configure:12730: $? = 1
configure: failed program was:
| /* confdefs.h */
| #define PACKAGE_NAME "openvswitch"
| #define PACKAGE_TARNAME "openvswitch"
| #define PACKAGE_VERSION "2.3.0"
| #define PACKAGE_STRING "openvswitch 2.3.0"
| #define PACKAGE_BUGREPORT "bugs@openvswitch.org"
| #define PACKAGE_URL ""
| #define PACKAGE "openvswitch"
| #define VERSION "2.3.0"
| #define STDC_HEADERS 1
| #define HAVE_SYS_TYPES_H 1
| #define HAVE_SYS_STAT_H 1
| #define HAVE_STDLIB_H 1
| #define HAVE_STRING_H 1
| #define HAVE_MEMORY_H 1
| #define HAVE_STRINGS_H 1
| #define HAVE_INTTYPES_H 1
| #define HAVE_STDINT_H 1
| #define HAVE_UNISTD_H 1
| #define __EXTENSIONS__ 1
| #define _ALL_SOURCE 1
| #define _GNU_SOURCE 1
| #define _POSIX_PTHREAD_SEMANTICS 1
| #define _TANDEM_SOURCE 1
| #define _FILE_OFFSET_BITS 64
| #define HAVE_DLFCN_H 1
| #define LT_OBJDIR ".libs/"
| #define HAVE_DECL_STRERROR_R 1
| #define HAVE_STRERROR_R 1
| #define STRERROR_R_CHAR_P 1
| /* end confdefs.h.  */
| #include <windows.h>
configure:12730: result: no
configure:12730: checking for windows.h
configure:12730: result: no
configure:12812: checking for linux/netlink.h
configure:12812: gcc -c -g -O2  conftest.c >&5
configure:12812: $? = 0
configure:12812: result: yes
configure:12868: checking for pkg-config
configure:12886: found /usr/bin/pkg-config
configure:12898: result: /usr/bin/pkg-config
configure:12958: checking whether compiling and linking against OpenSSL works
Trying link with SSL_LDFLAGS= ; SSL_LIBS=-lssl -lcrypto  ; SSL_INCLUDES= 
configure:12980: gcc -o conftest -g -O2       conftest.c -lssl -lcrypto   -lpthread -lrt -lm  >&5
configure:12980: $? = 0
configure:12982: result: yes
configure:13045: checking for Python 2.x for x >= 4
configure:13071: result: /usr/bin/python
configure:13092: checking for uuid Python module
running /usr/bin/python -c 'import uuid
import sys
sys.exit(0)'...
configure:13109: result: yes
configure:13116: checking whether to add python/compat to PYTHONPATH
configure:13118: result: no
configure:13128: checking for dot
configure:13139: result: no
configure:13149: checking net/if_packet.h usability
configure:13149: gcc -c -g -O2  conftest.c >&5
configure:13149: $? = 0
configure:13149: result: yes
configure:13149: checking net/if_packet.h presence
configure:13149: gcc -E  conftest.c
configure:13149: $? = 0
configure:13149: result: yes
configure:13149: checking for net/if_packet.h
configure:13149: result: yes
configure:13170: checking net/if_dl.h usability
configure:13170: gcc -c -g -O2  conftest.c >&5
conftest.c:68:23: fatal error: net/if_dl.h: No such file or directory
 #include <net/if_dl.h>
                       ^
compilation terminated.
configure:13170: $? = 1
configure: failed program was:
| /* confdefs.h */
| #define PACKAGE_NAME "openvswitch"
| #define PACKAGE_TARNAME "openvswitch"
| #define PACKAGE_VERSION "2.3.0"
| #define PACKAGE_STRING "openvswitch 2.3.0"
| #define PACKAGE_BUGREPORT "bugs@openvswitch.org"
| #define PACKAGE_URL ""
| #define PACKAGE "openvswitch"
| #define VERSION "2.3.0"
| #define STDC_HEADERS 1
| #define HAVE_SYS_TYPES_H 1
| #define HAVE_SYS_STAT_H 1
| #define HAVE_STDLIB_H 1
| #define HAVE_STRING_H 1
| #define HAVE_MEMORY_H 1
| #define HAVE_STRINGS_H 1
| #define HAVE_INTTYPES_H 1
| #define HAVE_STDINT_H 1
| #define HAVE_UNISTD_H 1
| #define __EXTENSIONS__ 1
| #define _ALL_SOURCE 1
| #define _GNU_SOURCE 1
| #define _POSIX_PTHREAD_SEMANTICS 1
| #define _TANDEM_SOURCE 1
| #define _FILE_OFFSET_BITS 64
| #define HAVE_DLFCN_H 1
| #define LT_OBJDIR ".libs/"
| #define HAVE_DECL_STRERROR_R 1
| #define HAVE_STRERROR_R 1
| #define STRERROR_R_CHAR_P 1
| #define HAVE_NETLINK 1
| #define HAVE_OPENSSL 1
| #define HAVE_IF_PACKET 1
| /* end confdefs.h.  */
| #include <stdio.h>
| #ifdef HAVE_SYS_TYPES_H
| # include <sys/types.h>
| #endif
| #ifdef HAVE_SYS_STAT_H
| # include <sys/stat.h>
| #endif
| #ifdef STDC_HEADERS
| # include <stdlib.h>
| # include <stddef.h>
| #else
| # ifdef HAVE_STDLIB_H
| #  include <stdlib.h>
| # endif
| #endif
| #ifdef HAVE_STRING_H
| # if !defined STDC_HEADERS && defined HAVE_MEMORY_H
| #  include <memory.h>
| # endif
| # include <string.h>
| #endif
| #ifdef HAVE_STRINGS_H
| # include <strings.h>
| #endif
| #ifdef HAVE_INTTYPES_H
| # include <inttypes.h>
| #endif
| #ifdef HAVE_STDINT_H
| # include <stdint.h>
| #endif
| #ifdef HAVE_UNISTD_H
| # include <unistd.h>
| #endif
| #include <net/if_dl.h>
configure:13170: result: no
configure:13170: checking net/if_dl.h presence
configure:13170: gcc -E  conftest.c
conftest.c:35:23: fatal error: net/if_dl.h: No such file or directory
 #include <net/if_dl.h>
                       ^
compilation terminated.
configure:13170: $? = 1
configure: failed program was:
| /* confdefs.h */
| #define PACKAGE_NAME "openvswitch"
| #define PACKAGE_TARNAME "openvswitch"
| #define PACKAGE_VERSION "2.3.0"
| #define PACKAGE_STRING "openvswitch 2.3.0"
| #define PACKAGE_BUGREPORT "bugs@openvswitch.org"
| #define PACKAGE_URL ""
| #define PACKAGE "openvswitch"
| #define VERSION "2.3.0"
| #define STDC_HEADERS 1
| #define HAVE_SYS_TYPES_H 1
| #define HAVE_SYS_STAT_H 1
| #define HAVE_STDLIB_H 1
| #define HAVE_STRING_H 1
| #define HAVE_MEMORY_H 1
| #define HAVE_STRINGS_H 1
| #define HAVE_INTTYPES_H 1
| #define HAVE_STDINT_H 1
| #define HAVE_UNISTD_H 1
| #define __EXTENSIONS__ 1
| #define _ALL_SOURCE 1
| #define _GNU_SOURCE 1
| #define _POSIX_PTHREAD_SEMANTICS 1
| #define _TANDEM_SOURCE 1
| #define _FILE_OFFSET_BITS 64
| #define HAVE_DLFCN_H 1
| #define LT_OBJDIR ".libs/"
| #define HAVE_DECL_STRERROR_R 1
| #define HAVE_STRERROR_R 1
| #define STRERROR_R_CHAR_P 1
| #define HAVE_NETLINK 1
| #define HAVE_OPENSSL 1
| #define HAVE_IF_PACKET 1
| /* end confdefs.h.  */
| #include <net/if_dl.h>
configure:13170: result: no
configure:13170: checking for net/if_dl.h
configure:13170: result: no
configure:13249: checking whether strtok_r macro segfaults on some inputs
configure:13278: gcc -o conftest -g -O2   conftest.c -lpthread -lrt -lm  >&5
conftest.c: In function 'main':
conftest.c:46:36: warning: ignoring return value of 'freopen', declared with attribute warn_unused_result [-Wunused-result]
                            freopen ("/dev/null", "w", stdout);
                                    ^
configure:13278: $? = 0
configure:13278: ./conftest
configure:13278: $? = 0
configure:13288: result: no
configure:13296: checking whether sys_siglist is declared
configure:13296: gcc -c -g -O2  conftest.c >&5
configure:13296: $? = 0
configure:13296: result: yes
configure:13308: checking for struct stat.st_mtim.tv_nsec
configure:13308: gcc -c -g -O2  conftest.c >&5
configure:13308: $? = 0
configure:13308: result: yes
configure:13318: checking for struct stat.st_mtimensec
configure:13318: gcc -c -g -O2  conftest.c >&5
conftest.c: In function 'main':
conftest.c:43:12: error: 'struct stat' has no member named 'st_mtimensec'
 if (ac_aggr.st_mtimensec)
            ^
configure:13318: $? = 1
configure: failed program was:
| /* confdefs.h */
| #define PACKAGE_NAME "openvswitch"
| #define PACKAGE_TARNAME "openvswitch"
| #define PACKAGE_VERSION "2.3.0"
| #define PACKAGE_STRING "openvswitch 2.3.0"
| #define PACKAGE_BUGREPORT "bugs@openvswitch.org"
| #define PACKAGE_URL ""
| #define PACKAGE "openvswitch"
| #define VERSION "2.3.0"
| #define STDC_HEADERS 1
| #define HAVE_SYS_TYPES_H 1
| #define HAVE_SYS_STAT_H 1
| #define HAVE_STDLIB_H 1
| #define HAVE_STRING_H 1
| #define HAVE_MEMORY_H 1
| #define HAVE_STRINGS_H 1
| #define HAVE_INTTYPES_H 1
| #define HAVE_STDINT_H 1
| #define HAVE_UNISTD_H 1
| #define __EXTENSIONS__ 1
| #define _ALL_SOURCE 1
| #define _GNU_SOURCE 1
| #define _POSIX_PTHREAD_SEMANTICS 1
| #define _TANDEM_SOURCE 1
| #define _FILE_OFFSET_BITS 64
| #define HAVE_DLFCN_H 1
| #define LT_OBJDIR ".libs/"
| #define HAVE_DECL_STRERROR_R 1
| #define HAVE_STRERROR_R 1
| #define STRERROR_R_CHAR_P 1
| #define HAVE_NETLINK 1
| #define HAVE_OPENSSL 1
| #define HAVE_IF_PACKET 1
| #define HAVE_DECL_SYS_SIGLIST 1
| #define HAVE_STRUCT_STAT_ST_MTIM_TV_NSEC 1
| /* end confdefs.h.  */
| #include <sys/stat.h>
| 
| int
| main ()
| {
| static struct stat ac_aggr;
| if (ac_aggr.st_mtimensec)
| return 0;
|   ;
|   return 0;
| }
configure:13318: gcc -c -g -O2  conftest.c >&5
conftest.c: In function 'main':
conftest.c:43:19: error: 'struct stat' has no member named 'st_mtimensec'
 if (sizeof ac_aggr.st_mtimensec)
                   ^
configure:13318: $? = 1
configure: failed program was:
| /* confdefs.h */
| #define PACKAGE_NAME "openvswitch"
| #define PACKAGE_TARNAME "openvswitch"
| #define PACKAGE_VERSION "2.3.0"
| #define PACKAGE_STRING "openvswitch 2.3.0"
| #define PACKAGE_BUGREPORT "bugs@openvswitch.org"
| #define PACKAGE_URL ""
| #define PACKAGE "openvswitch"
| #define VERSION "2.3.0"
| #define STDC_HEADERS 1
| #define HAVE_SYS_TYPES_H 1
| #define HAVE_SYS_STAT_H 1
| #define HAVE_STDLIB_H 1
| #define HAVE_STRING_H 1
| #define HAVE_MEMORY_H 1
| #define HAVE_STRINGS_H 1
| #define HAVE_INTTYPES_H 1
| #define HAVE_STDINT_H 1
| #define HAVE_UNISTD_H 1
| #define __EXTENSIONS__ 1
| #define _ALL_SOURCE 1
| #define _GNU_SOURCE 1
| #define _POSIX_PTHREAD_SEMANTICS 1
| #define _TANDEM_SOURCE 1
| #define _FILE_OFFSET_BITS 64
| #define HAVE_DLFCN_H 1
| #define LT_OBJDIR ".libs/"
| #define HAVE_DECL_STRERROR_R 1
| #define HAVE_STRERROR_R 1
| #define STRERROR_R_CHAR_P 1
| #define HAVE_NETLINK 1
| #define HAVE_OPENSSL 1
| #define HAVE_IF_PACKET 1
| #define HAVE_DECL_SYS_SIGLIST 1
| #define HAVE_STRUCT_STAT_ST_MTIM_TV_NSEC 1
| /* end confdefs.h.  */
| #include <sys/stat.h>
| 
| int
| main ()
| {
| static struct stat ac_aggr;
| if (sizeof ac_aggr.st_mtimensec)
| return 0;
|   ;
|   return 0;
| }
configure:13318: result: no
configure:13329: checking for struct ifreq.ifr_flagshigh
configure:13329: gcc -c -g -O2  conftest.c >&5
conftest.c: In function 'main':
conftest.c:43:12: error: 'struct ifreq' has no member named 'ifr_flagshigh'
 if (ac_aggr.ifr_flagshigh)
            ^
configure:13329: $? = 1
configure: failed program was:
| /* confdefs.h */
| #define PACKAGE_NAME "openvswitch"
| #define PACKAGE_TARNAME "openvswitch"
| #define PACKAGE_VERSION "2.3.0"
| #define PACKAGE_STRING "openvswitch 2.3.0"
| #define PACKAGE_BUGREPORT "bugs@openvswitch.org"
| #define PACKAGE_URL ""
| #define PACKAGE "openvswitch"
| #define VERSION "2.3.0"
| #define STDC_HEADERS 1
| #define HAVE_SYS_TYPES_H 1
| #define HAVE_SYS_STAT_H 1
| #define HAVE_STDLIB_H 1
| #define HAVE_STRING_H 1
| #define HAVE_MEMORY_H 1
| #define HAVE_STRINGS_H 1
| #define HAVE_INTTYPES_H 1
| #define HAVE_STDINT_H 1
| #define HAVE_UNISTD_H 1
| #define __EXTENSIONS__ 1
| #define _ALL_SOURCE 1
| #define _GNU_SOURCE 1
| #define _POSIX_PTHREAD_SEMANTICS 1
| #define _TANDEM_SOURCE 1
| #define _FILE_OFFSET_BITS 64
| #define HAVE_DLFCN_H 1
| #define LT_OBJDIR ".libs/"
| #define HAVE_DECL_STRERROR_R 1
| #define HAVE_STRERROR_R 1
| #define STRERROR_R_CHAR_P 1
| #define HAVE_NETLINK 1
| #define HAVE_OPENSSL 1
| #define HAVE_IF_PACKET 1
| #define HAVE_DECL_SYS_SIGLIST 1
| #define HAVE_STRUCT_STAT_ST_MTIM_TV_NSEC 1
| /* end confdefs.h.  */
| #include <net/if.h>
| 
| int
| main ()
| {
| static struct ifreq ac_aggr;
| if (ac_aggr.ifr_flagshigh)
| return 0;
|   ;
|   return 0;
| }
configure:13329: gcc -c -g -O2  conftest.c >&5
conftest.c: In function 'main':
conftest.c:43:19: error: 'struct ifreq' has no member named 'ifr_flagshigh'
 if (sizeof ac_aggr.ifr_flagshigh)
                   ^
configure:13329: $? = 1
configure: failed program was:
| /* confdefs.h */
| #define PACKAGE_NAME "openvswitch"
| #define PACKAGE_TARNAME "openvswitch"
| #define PACKAGE_VERSION "2.3.0"
| #define PACKAGE_STRING "openvswitch 2.3.0"
| #define PACKAGE_BUGREPORT "bugs@openvswitch.org"
| #define PACKAGE_URL ""
| #define PACKAGE "openvswitch"
| #define VERSION "2.3.0"
| #define STDC_HEADERS 1
| #define HAVE_SYS_TYPES_H 1
| #define HAVE_SYS_STAT_H 1
| #define HAVE_STDLIB_H 1
| #define HAVE_STRING_H 1
| #define HAVE_MEMORY_H 1
| #define HAVE_STRINGS_H 1
| #define HAVE_INTTYPES_H 1
| #define HAVE_STDINT_H 1
| #define HAVE_UNISTD_H 1
| #define __EXTENSIONS__ 1
| #define _ALL_SOURCE 1
| #define _GNU_SOURCE 1
| #define _POSIX_PTHREAD_SEMANTICS 1
| #define _TANDEM_SOURCE 1
| #define _FILE_OFFSET_BITS 64
| #define HAVE_DLFCN_H 1
| #define LT_OBJDIR ".libs/"
| #define HAVE_DECL_STRERROR_R 1
| #define HAVE_STRERROR_R 1
| #define STRERROR_R_CHAR_P 1
| #define HAVE_NETLINK 1
| #define HAVE_OPENSSL 1
| #define HAVE_IF_PACKET 1
| #define HAVE_DECL_SYS_SIGLIST 1
| #define HAVE_STRUCT_STAT_ST_MTIM_TV_NSEC 1
| /* end confdefs.h.  */
| #include <net/if.h>
| 
| int
| main ()
| {
| static struct ifreq ac_aggr;
| if (sizeof ac_aggr.ifr_flagshigh)
| return 0;
|   ;
|   return 0;
| }
configure:13329: result: no
configure:13343: checking for mlockall
configure:13343: gcc -o conftest -g -O2   conftest.c -lpthread -lrt -lm  >&5
configure:13343: $? = 0
configure:13343: result: yes
configure:13343: checking for strnlen
configure:13343: gcc -o conftest -g -O2   conftest.c -lpthread -lrt -lm  >&5
configure:13343: $? = 0
configure:13343: result: yes
configure:13343: checking for getloadavg
configure:13343: gcc -o conftest -g -O2   conftest.c -lpthread -lrt -lm  >&5
configure:13343: $? = 0
configure:13343: result: yes
configure:13343: checking for statvfs
configure:13343: gcc -o conftest -g -O2   conftest.c -lpthread -lrt -lm  >&5
configure:13343: $? = 0
configure:13343: result: yes
configure:13343: checking for getmntent_r
configure:13343: gcc -o conftest -g -O2   conftest.c -lpthread -lrt -lm  >&5
configure:13343: $? = 0
configure:13343: result: yes
configure:13355: checking mntent.h usability
configure:13355: gcc -c -g -O2  conftest.c >&5
configure:13355: $? = 0
configure:13355: result: yes
configure:13355: checking mntent.h presence
configure:13355: gcc -E  conftest.c
configure:13355: $? = 0
configure:13355: result: yes
configure:13355: checking for mntent.h
configure:13355: result: yes
configure:13355: checking sys/statvfs.h usability
configure:13355: gcc -c -g -O2  conftest.c >&5
configure:13355: $? = 0
configure:13355: result: yes
configure:13355: checking sys/statvfs.h presence
configure:13355: gcc -E  conftest.c
configure:13355: $? = 0
configure:13355: result: yes
configure:13355: checking for sys/statvfs.h
configure:13355: result: yes
configure:13355: checking linux/types.h usability
configure:13355: gcc -c -g -O2  conftest.c >&5
configure:13355: $? = 0
configure:13355: result: yes
configure:13355: checking linux/types.h presence
configure:13355: gcc -E  conftest.c
configure:13355: $? = 0
configure:13355: result: yes
configure:13355: checking for linux/types.h
configure:13355: result: yes
configure:13355: checking linux/if_ether.h usability
configure:13355: gcc -c -g -O2  conftest.c >&5
configure:13355: $? = 0
configure:13355: result: yes
configure:13355: checking linux/if_ether.h presence
configure:13355: gcc -E  conftest.c
configure:13355: $? = 0
configure:13355: result: yes
configure:13355: checking for linux/if_ether.h
configure:13355: result: yes
configure:13355: checking stdatomic.h usability
configure:13355: gcc -c -g -O2  conftest.c >&5
conftest.c:79:23: fatal error: stdatomic.h: No such file or directory
 #include <stdatomic.h>
                       ^
compilation terminated.
configure:13355: $? = 1
configure: failed program was:
| /* confdefs.h */
| #define PACKAGE_NAME "openvswitch"
| #define PACKAGE_TARNAME "openvswitch"
| #define PACKAGE_VERSION "2.3.0"
| #define PACKAGE_STRING "openvswitch 2.3.0"
| #define PACKAGE_BUGREPORT "bugs@openvswitch.org"
| #define PACKAGE_URL ""
| #define PACKAGE "openvswitch"
| #define VERSION "2.3.0"
| #define STDC_HEADERS 1
| #define HAVE_SYS_TYPES_H 1
| #define HAVE_SYS_STAT_H 1
| #define HAVE_STDLIB_H 1
| #define HAVE_STRING_H 1
| #define HAVE_MEMORY_H 1
| #define HAVE_STRINGS_H 1
| #define HAVE_INTTYPES_H 1
| #define HAVE_STDINT_H 1
| #define HAVE_UNISTD_H 1
| #define __EXTENSIONS__ 1
| #define _ALL_SOURCE 1
| #define _GNU_SOURCE 1
| #define _POSIX_PTHREAD_SEMANTICS 1
| #define _TANDEM_SOURCE 1
| #define _FILE_OFFSET_BITS 64
| #define HAVE_DLFCN_H 1
| #define LT_OBJDIR ".libs/"
| #define HAVE_DECL_STRERROR_R 1
| #define HAVE_STRERROR_R 1
| #define STRERROR_R_CHAR_P 1
| #define HAVE_NETLINK 1
| #define HAVE_OPENSSL 1
| #define HAVE_IF_PACKET 1
| #define HAVE_DECL_SYS_SIGLIST 1
| #define HAVE_STRUCT_STAT_ST_MTIM_TV_NSEC 1
| #define HAVE_MLOCKALL 1
| #define HAVE_STRNLEN 1
| #define HAVE_GETLOADAVG 1
| #define HAVE_STATVFS 1
| #define HAVE_GETMNTENT_R 1
| #define HAVE_MNTENT_H 1
| #define HAVE_SYS_STATVFS_H 1
| #define HAVE_LINUX_TYPES_H 1
| #define HAVE_LINUX_IF_ETHER_H 1
| /* end confdefs.h.  */
| #include <stdio.h>
| #ifdef HAVE_SYS_TYPES_H
| # include <sys/types.h>
| #endif
| #ifdef HAVE_SYS_STAT_H
| # include <sys/stat.h>
| #endif
| #ifdef STDC_HEADERS
| # include <stdlib.h>
| # include <stddef.h>
| #else
| # ifdef HAVE_STDLIB_H
| #  include <stdlib.h>
| # endif
| #endif
| #ifdef HAVE_STRING_H
| # if !defined STDC_HEADERS && defined HAVE_MEMORY_H
| #  include <memory.h>
| # endif
| # include <string.h>
| #endif
| #ifdef HAVE_STRINGS_H
| # include <strings.h>
| #endif
| #ifdef HAVE_INTTYPES_H
| # include <inttypes.h>
| #endif
| #ifdef HAVE_STDINT_H
| # include <stdint.h>
| #endif
| #ifdef HAVE_UNISTD_H
| # include <unistd.h>
| #endif
| #include <stdatomic.h>
configure:13355: result: no
configure:13355: checking stdatomic.h presence
configure:13355: gcc -E  conftest.c
conftest.c:46:23: fatal error: stdatomic.h: No such file or directory
 #include <stdatomic.h>
                       ^
compilation terminated.
configure:13355: $? = 1
configure: failed program was:
| /* confdefs.h */
| #define PACKAGE_NAME "openvswitch"
| #define PACKAGE_TARNAME "openvswitch"
| #define PACKAGE_VERSION "2.3.0"
| #define PACKAGE_STRING "openvswitch 2.3.0"
| #define PACKAGE_BUGREPORT "bugs@openvswitch.org"
| #define PACKAGE_URL ""
| #define PACKAGE "openvswitch"
| #define VERSION "2.3.0"
| #define STDC_HEADERS 1
| #define HAVE_SYS_TYPES_H 1
| #define HAVE_SYS_STAT_H 1
| #define HAVE_STDLIB_H 1
| #define HAVE_STRING_H 1
| #define HAVE_MEMORY_H 1
| #define HAVE_STRINGS_H 1
| #define HAVE_INTTYPES_H 1
| #define HAVE_STDINT_H 1
| #define HAVE_UNISTD_H 1
| #define __EXTENSIONS__ 1
| #define _ALL_SOURCE 1
| #define _GNU_SOURCE 1
| #define _POSIX_PTHREAD_SEMANTICS 1
| #define _TANDEM_SOURCE 1
| #define _FILE_OFFSET_BITS 64
| #define HAVE_DLFCN_H 1
| #define LT_OBJDIR ".libs/"
| #define HAVE_DECL_STRERROR_R 1
| #define HAVE_STRERROR_R 1
| #define STRERROR_R_CHAR_P 1
| #define HAVE_NETLINK 1
| #define HAVE_OPENSSL 1
| #define HAVE_IF_PACKET 1
| #define HAVE_DECL_SYS_SIGLIST 1
| #define HAVE_STRUCT_STAT_ST_MTIM_TV_NSEC 1
| #define HAVE_MLOCKALL 1
| #define HAVE_STRNLEN 1
| #define HAVE_GETLOADAVG 1
| #define HAVE_STATVFS 1
| #define HAVE_GETMNTENT_R 1
| #define HAVE_MNTENT_H 1
| #define HAVE_SYS_STATVFS_H 1
| #define HAVE_LINUX_TYPES_H 1
| #define HAVE_LINUX_IF_ETHER_H 1
| /* end confdefs.h.  */
| #include <stdatomic.h>
configure:13355: result: no
configure:13355: checking for stdatomic.h
configure:13355: result: no
configure:13367: checking for net/if_mib.h
configure:13367: gcc -c -g -O2  conftest.c >&5
conftest.c:49:24: fatal error: net/if_mib.h: No such file or directory
 #include <net/if_mib.h>
                        ^
compilation terminated.
configure:13367: $? = 1
configure: failed program was:
| /* confdefs.h */
| #define PACKAGE_NAME "openvswitch"
| #define PACKAGE_TARNAME "openvswitch"
| #define PACKAGE_VERSION "2.3.0"
| #define PACKAGE_STRING "openvswitch 2.3.0"
| #define PACKAGE_BUGREPORT "bugs@openvswitch.org"
| #define PACKAGE_URL ""
| #define PACKAGE "openvswitch"
| #define VERSION "2.3.0"
| #define STDC_HEADERS 1
| #define HAVE_SYS_TYPES_H 1
| #define HAVE_SYS_STAT_H 1
| #define HAVE_STDLIB_H 1
| #define HAVE_STRING_H 1
| #define HAVE_MEMORY_H 1
| #define HAVE_STRINGS_H 1
| #define HAVE_INTTYPES_H 1
| #define HAVE_STDINT_H 1
| #define HAVE_UNISTD_H 1
| #define __EXTENSIONS__ 1
| #define _ALL_SOURCE 1
| #define _GNU_SOURCE 1
| #define _POSIX_PTHREAD_SEMANTICS 1
| #define _TANDEM_SOURCE 1
| #define _FILE_OFFSET_BITS 64
| #define HAVE_DLFCN_H 1
| #define LT_OBJDIR ".libs/"
| #define HAVE_DECL_STRERROR_R 1
| #define HAVE_STRERROR_R 1
| #define STRERROR_R_CHAR_P 1
| #define HAVE_NETLINK 1
| #define HAVE_OPENSSL 1
| #define HAVE_IF_PACKET 1
| #define HAVE_DECL_SYS_SIGLIST 1
| #define HAVE_STRUCT_STAT_ST_MTIM_TV_NSEC 1
| #define HAVE_MLOCKALL 1
| #define HAVE_STRNLEN 1
| #define HAVE_GETLOADAVG 1
| #define HAVE_STATVFS 1
| #define HAVE_GETMNTENT_R 1
| #define HAVE_MNTENT_H 1
| #define HAVE_SYS_STATVFS_H 1
| #define HAVE_LINUX_TYPES_H 1
| #define HAVE_LINUX_IF_ETHER_H 1
| /* end confdefs.h.  */
| #include <sys/types.h>
| #include <net/if.h>
| 
| #include <net/if_mib.h>
configure:13367: result: no
configure:13407: checking for library containing backtrace
configure:13438: gcc -o conftest -g -O2   conftest.c -lpthread -lrt -lm  >&5
configure:13438: $? = 0
configure:13455: result: none required
configure:13465: checking whether libc supports hooks for malloc and related functions
configure:13484: gcc -c -g -O2  conftest.c >&5
conftest.c: In function 'main':
conftest.c:52:1: warning: '__malloc_hook' is deprecated (declared at /usr/include/malloc.h:153) [-Wdeprecated-declarations]
 (void) __malloc_hook;
 ^
conftest.c:53:11: warning: '__realloc_hook' is deprecated (declared at /usr/include/malloc.h:156) [-Wdeprecated-declarations]
           (void) __realloc_hook;
           ^
conftest.c:54:11: warning: '__free_hook' is deprecated (declared at /usr/include/malloc.h:150) [-Wdeprecated-declarations]
           (void) __free_hook;
           ^
configure:13484: $? = 0
configure:13491: result: yes
configure:13500: checking valgrind/valgrind.h usability
configure:13500: gcc -c -g -O2  conftest.c >&5
configure:13500: $? = 0
configure:13500: result: yes
configure:13500: checking valgrind/valgrind.h presence
configure:13500: gcc -E  conftest.c
configure:13500: $? = 0
configure:13500: result: yes
configure:13500: checking for valgrind/valgrind.h
configure:13500: result: yes
configure:13510: checking for connect in -lsocket
configure:13535: gcc -o conftest -g -O2   conftest.c -lsocket  -lpthread -lrt -lm  >&5
/usr/bin/ld: cannot find -lsocket
collect2: error: ld returned 1 exit status
configure:13535: $? = 1
configure: failed program was:
| /* confdefs.h */
| #define PACKAGE_NAME "openvswitch"
| #define PACKAGE_TARNAME "openvswitch"
| #define PACKAGE_VERSION "2.3.0"
| #define PACKAGE_STRING "openvswitch 2.3.0"
| #define PACKAGE_BUGREPORT "bugs@openvswitch.org"
| #define PACKAGE_URL ""
| #define PACKAGE "openvswitch"
| #define VERSION "2.3.0"
| #define STDC_HEADERS 1
| #define HAVE_SYS_TYPES_H 1
| #define HAVE_SYS_STAT_H 1
| #define HAVE_STDLIB_H 1
| #define HAVE_STRING_H 1
| #define HAVE_MEMORY_H 1
| #define HAVE_STRINGS_H 1
| #define HAVE_INTTYPES_H 1
| #define HAVE_STDINT_H 1
| #define HAVE_UNISTD_H 1
| #define __EXTENSIONS__ 1
| #define _ALL_SOURCE 1
| #define _GNU_SOURCE 1
| #define _POSIX_PTHREAD_SEMANTICS 1
| #define _TANDEM_SOURCE 1
| #define _FILE_OFFSET_BITS 64
| #define HAVE_DLFCN_H 1
| #define LT_OBJDIR ".libs/"
| #define HAVE_DECL_STRERROR_R 1
| #define HAVE_STRERROR_R 1
| #define STRERROR_R_CHAR_P 1
| #define HAVE_NETLINK 1
| #define HAVE_OPENSSL 1
| #define HAVE_IF_PACKET 1
| #define HAVE_DECL_SYS_SIGLIST 1
| #define HAVE_STRUCT_STAT_ST_MTIM_TV_NSEC 1
| #define HAVE_MLOCKALL 1
| #define HAVE_STRNLEN 1
| #define HAVE_GETLOADAVG 1
| #define HAVE_STATVFS 1
| #define HAVE_GETMNTENT_R 1
| #define HAVE_MNTENT_H 1
| #define HAVE_SYS_STATVFS_H 1
| #define HAVE_LINUX_TYPES_H 1
| #define HAVE_LINUX_IF_ETHER_H 1
| #define HAVE_BACKTRACE 1
| #define HAVE_MALLOC_HOOKS 1
| #define HAVE_VALGRIND_VALGRIND_H 1
| /* end confdefs.h.  */
| 
| /* Override any GCC internal prototype to avoid an error.
|    Use char because int might match the return type of a GCC
|    builtin and then its argument prototype would still apply.  */
| #ifdef __cplusplus
| extern "C"
| #endif
| char connect ();
| int
| main ()
| {
| return connect ();
|   ;
|   return 0;
| }
configure:13544: result: no
configure:13555: checking for library containing gethostbyname
configure:13586: gcc -o conftest -g -O2   conftest.c -lpthread -lrt -lm  >&5
configure:13586: $? = 0
configure:13603: result: none required
configure:13611: checking XenServer release
configure:13623: result: none
configure:13635: checking for groff
configure:13646: result: yes
configure:13656: checking whether make is GNU make
configure:13662: invoking make --version:
GNU Make 3.81
Copyright (C) 2006  Free Software Foundation, Inc.
This is free software; see the source for copying conditions.
There is NO warranty; not even for MERCHANTABILITY or FITNESS FOR A
PARTICULAR PURPOSE.

This program built for i686-pc-linux-gnu
configure:13673: result: yes
configure:13683: checking whether gcc has <threads.h> that supports thread_local
configure:13700: gcc -o conftest -g -O2   conftest.c -lpthread -lrt -lm  >&5
conftest.c:49:21: fatal error: threads.h: No such file or directory
 #include <threads.h>
                     ^
compilation terminated.
configure:13700: $? = 1
configure: failed program was:
| /* confdefs.h */
| #define PACKAGE_NAME "openvswitch"
| #define PACKAGE_TARNAME "openvswitch"
| #define PACKAGE_VERSION "2.3.0"
| #define PACKAGE_STRING "openvswitch 2.3.0"
| #define PACKAGE_BUGREPORT "bugs@openvswitch.org"
| #define PACKAGE_URL ""
| #define PACKAGE "openvswitch"
| #define VERSION "2.3.0"
| #define STDC_HEADERS 1
| #define HAVE_SYS_TYPES_H 1
| #define HAVE_SYS_STAT_H 1
| #define HAVE_STDLIB_H 1
| #define HAVE_STRING_H 1
| #define HAVE_MEMORY_H 1
| #define HAVE_STRINGS_H 1
| #define HAVE_INTTYPES_H 1
| #define HAVE_STDINT_H 1
| #define HAVE_UNISTD_H 1
| #define __EXTENSIONS__ 1
| #define _ALL_SOURCE 1
| #define _GNU_SOURCE 1
| #define _POSIX_PTHREAD_SEMANTICS 1
| #define _TANDEM_SOURCE 1
| #define _FILE_OFFSET_BITS 64
| #define HAVE_DLFCN_H 1
| #define LT_OBJDIR ".libs/"
| #define HAVE_DECL_STRERROR_R 1
| #define HAVE_STRERROR_R 1
| #define STRERROR_R_CHAR_P 1
| #define HAVE_NETLINK 1
| #define HAVE_OPENSSL 1
| #define HAVE_IF_PACKET 1
| #define HAVE_DECL_SYS_SIGLIST 1
| #define HAVE_STRUCT_STAT_ST_MTIM_TV_NSEC 1
| #define HAVE_MLOCKALL 1
| #define HAVE_STRNLEN 1
| #define HAVE_GETLOADAVG 1
| #define HAVE_STATVFS 1
| #define HAVE_GETMNTENT_R 1
| #define HAVE_MNTENT_H 1
| #define HAVE_SYS_STATVFS_H 1
| #define HAVE_LINUX_TYPES_H 1
| #define HAVE_LINUX_IF_ETHER_H 1
| #define HAVE_BACKTRACE 1
| #define HAVE_MALLOC_HOOKS 1
| #define HAVE_VALGRIND_VALGRIND_H 1
| /* end confdefs.h.  */
| #include <threads.h>
| static thread_local int var;
| int
| main ()
| {
| return var;
|   ;
|   return 0;
| }
configure:13708: result: no
configure:13715: checking whether gcc supports __thread
configure:13731: gcc -o conftest -g -O2   conftest.c -lpthread -lrt -lm  >&5
configure:13731: $? = 0
configure:13739: result: yes
configure:13747: checking for library containing __atomic_load_8
configure:13778: gcc -o conftest -g -O2   conftest.c -lpthread -lrt -lm  >&5
conftest.c:57:6: warning: conflicting types for built-in function '__atomic_load_8' [enabled by default]
 char __atomic_load_8 ();
      ^
/tmp/ccZ5zkJn.o: In function `main':
/home/davide/Scrivania/Tesi/ovs-openstate/conftest.c:61: undefined reference to `__atomic_load_8'
collect2: error: ld returned 1 exit status
configure:13778: $? = 1
configure: failed program was:
| /* confdefs.h */
| #define PACKAGE_NAME "openvswitch"
| #define PACKAGE_TARNAME "openvswitch"
| #define PACKAGE_VERSION "2.3.0"
| #define PACKAGE_STRING "openvswitch 2.3.0"
| #define PACKAGE_BUGREPORT "bugs@openvswitch.org"
| #define PACKAGE_URL ""
| #define PACKAGE "openvswitch"
| #define VERSION "2.3.0"
| #define STDC_HEADERS 1
| #define HAVE_SYS_TYPES_H 1
| #define HAVE_SYS_STAT_H 1
| #define HAVE_STDLIB_H 1
| #define HAVE_STRING_H 1
| #define HAVE_MEMORY_H 1
| #define HAVE_STRINGS_H 1
| #define HAVE_INTTYPES_H 1
| #define HAVE_STDINT_H 1
| #define HAVE_UNISTD_H 1
| #define __EXTENSIONS__ 1
| #define _ALL_SOURCE 1
| #define _GNU_SOURCE 1
| #define _POSIX_PTHREAD_SEMANTICS 1
| #define _TANDEM_SOURCE 1
| #define _FILE_OFFSET_BITS 64
| #define HAVE_DLFCN_H 1
| #define LT_OBJDIR ".libs/"
| #define HAVE_DECL_STRERROR_R 1
| #define HAVE_STRERROR_R 1
| #define STRERROR_R_CHAR_P 1
| #define HAVE_NETLINK 1
| #define HAVE_OPENSSL 1
| #define HAVE_IF_PACKET 1
| #define HAVE_DECL_SYS_SIGLIST 1
| #define HAVE_STRUCT_STAT_ST_MTIM_TV_NSEC 1
| #define HAVE_MLOCKALL 1
| #define HAVE_STRNLEN 1
| #define HAVE_GETLOADAVG 1
| #define HAVE_STATVFS 1
| #define HAVE_GETMNTENT_R 1
| #define HAVE_MNTENT_H 1
| #define HAVE_SYS_STATVFS_H 1
| #define HAVE_LINUX_TYPES_H 1
| #define HAVE_LINUX_IF_ETHER_H 1
| #define HAVE_BACKTRACE 1
| #define HAVE_MALLOC_HOOKS 1
| #define HAVE_VALGRIND_VALGRIND_H 1
| #define HAVE___THREAD 1
| /* end confdefs.h.  */
| 
| /* Override any GCC internal prototype to avoid an error.
|    Use char because int might match the return type of a GCC
|    builtin and then its argument prototype would still apply.  */
| #ifdef __cplusplus
| extern "C"
| #endif
| char __atomic_load_8 ();
| int
| main ()
| {
| return __atomic_load_8 ();
|   ;
|   return 0;
| }
configure:13778: gcc -o conftest -g -O2   conftest.c -latomic  -lpthread -lrt -lm  >&5
conftest.c:57:6: warning: conflicting types for built-in function '__atomic_load_8' [enabled by default]
 char __atomic_load_8 ();
      ^
configure:13778: $? = 0
configure:13795: result: -latomic
configure:13803: checking whether gcc supports GCC 4.0+ atomic built-ins
configure:13870: gcc -o conftest -g -O2   conftest.c -latomic -lpthread -lrt -lm  >&5
configure:13870: $? = 0
configure:13878: result: yes
configure:13885: checking value of __atomic_always_lock_free(1)
configure:13890: gcc -o conftest -g -O2   conftest.c -latomic -lpthread -lrt -lm  >&5
configure:13890: $? = 0
configure:13890: ./conftest
configure:13890: $? = 0
configure:13897: result: 1
configure:13906: checking value of __atomic_always_lock_free(2)
configure:13911: gcc -o conftest -g -O2   conftest.c -latomic -lpthread -lrt -lm  >&5
configure:13911: $? = 0
configure:13911: ./conftest
configure:13911: $? = 0
configure:13918: result: 1
configure:13927: checking value of __atomic_always_lock_free(4)
configure:13932: gcc -o conftest -g -O2   conftest.c -latomic -lpthread -lrt -lm  >&5
configure:13932: $? = 0
configure:13932: ./conftest
configure:13932: $? = 0
configure:13939: result: 1
configure:13948: checking value of __atomic_always_lock_free(8)
configure:13953: gcc -o conftest -g -O2   conftest.c -latomic -lpthread -lrt -lm  >&5
configure:13953: $? = 0
configure:13953: ./conftest
configure:13953: $? = 0
configure:13960: result: 1
configure:13969: checking for library containing aio_write
configure:14000: gcc -o conftest -g -O2   conftest.c -latomic -lpthread -lrt -lm  >&5
configure:14000: $? = 0
configure:14017: result: none required
configure:14035: checking for pthread_set_name_np
configure:14035: gcc -o conftest -g -O2   conftest.c -latomic -lpthread -lrt -lm  >&5
/tmp/ccgVUU55.o: In function `main':
/home/davide/Scrivania/Tesi/ovs-openstate/conftest.c:89: undefined reference to `pthread_set_name_np'
collect2: error: ld returned 1 exit status
configure:14035: $? = 1
configure: failed program was:
| /* confdefs.h */
| #define PACKAGE_NAME "openvswitch"
| #define PACKAGE_TARNAME "openvswitch"
| #define PACKAGE_VERSION "2.3.0"
| #define PACKAGE_STRING "openvswitch 2.3.0"
| #define PACKAGE_BUGREPORT "bugs@openvswitch.org"
| #define PACKAGE_URL ""
| #define PACKAGE "openvswitch"
| #define VERSION "2.3.0"
| #define STDC_HEADERS 1
| #define HAVE_SYS_TYPES_H 1
| #define HAVE_SYS_STAT_H 1
| #define HAVE_STDLIB_H 1
| #define HAVE_STRING_H 1
| #define HAVE_MEMORY_H 1
| #define HAVE_STRINGS_H 1
| #define HAVE_INTTYPES_H 1
| #define HAVE_STDINT_H 1
| #define HAVE_UNISTD_H 1
| #define __EXTENSIONS__ 1
| #define _ALL_SOURCE 1
| #define _GNU_SOURCE 1
| #define _POSIX_PTHREAD_SEMANTICS 1
| #define _TANDEM_SOURCE 1
| #define _FILE_OFFSET_BITS 64
| #define HAVE_DLFCN_H 1
| #define LT_OBJDIR ".libs/"
| #define HAVE_DECL_STRERROR_R 1
| #define HAVE_STRERROR_R 1
| #define STRERROR_R_CHAR_P 1
| #define HAVE_NETLINK 1
| #define HAVE_OPENSSL 1
| #define HAVE_IF_PACKET 1
| #define HAVE_DECL_SYS_SIGLIST 1
| #define HAVE_STRUCT_STAT_ST_MTIM_TV_NSEC 1
| #define HAVE_MLOCKALL 1
| #define HAVE_STRNLEN 1
| #define HAVE_GETLOADAVG 1
| #define HAVE_STATVFS 1
| #define HAVE_GETMNTENT_R 1
| #define HAVE_MNTENT_H 1
| #define HAVE_SYS_STATVFS_H 1
| #define HAVE_LINUX_TYPES_H 1
| #define HAVE_LINUX_IF_ETHER_H 1
| #define HAVE_BACKTRACE 1
| #define HAVE_MALLOC_HOOKS 1
| #define HAVE_VALGRIND_VALGRIND_H 1
| #define HAVE___THREAD 1
| #define HAVE_GCC4_ATOMICS 1
| #define ATOMIC_ALWAYS_LOCK_FREE_1B 1
| #define ATOMIC_ALWAYS_LOCK_FREE_2B 1
| #define ATOMIC_ALWAYS_LOCK_FREE_4B 1
| #define ATOMIC_ALWAYS_LOCK_FREE_8B 1
| /* end confdefs.h.  */
| /* Define pthread_set_name_np to an innocuous variant, in case <limits.h> declares pthread_set_name_np.
|    For example, HP-UX 11i <limits.h> declares gettimeofday.  */
| #define pthread_set_name_np innocuous_pthread_set_name_np
| 
| /* System header to define __stub macros and hopefully few prototypes,
|     which can conflict with char pthread_set_name_np (); below.
|     Prefer <limits.h> to <assert.h> if __STDC__ is defined, since
|     <limits.h> exists even on freestanding compilers.  */
| 
| #ifdef __STDC__
| # include <limits.h>
| #else
| # include <assert.h>
| #endif
| 
| #undef pthread_set_name_np
| 
| /* Override any GCC internal prototype to avoid an error.
|    Use char because int might match the return type of a GCC
|    builtin and then its argument prototype would still apply.  */
| #ifdef __cplusplus
| extern "C"
| #endif
| char pthread_set_name_np ();
| /* The GNU C library defines this for functions which it implements
|     to always fail with ENOSYS.  Some functions are actually named
|     something starting with __ and the normal name is an alias.  */
| #if defined __stub_pthread_set_name_np || defined __stub___pthread_set_name_np
| choke me
| #endif
| 
| int
| main ()
| {
| return pthread_set_name_np ();
|   ;
|   return 0;
| }
configure:14035: result: no
configure:14045: checking for pthread_setname_np() variant
configure:14062: gcc -o conftest -g -O2   conftest.c -latomic -lpthread -lrt -lm  >&5
configure:14062: $? = 0
configure:14088: result: glibc
configure:14103: checking whether __linux__ is defined
configure:14119: gcc -c -g -O2  conftest.c >&5
configure:14119: $? = 0
configure:14126: result: true
configure:14136: checking for working posix_memalign
configure:14160: gcc -o conftest -g -O2   conftest.c -latomic -lpthread -lrt -lm  >&5
configure:14160: $? = 0
configure:14160: ./conftest
configure:14160: $? = 0
configure:14170: result: yes
configure:14181: checking whether the preprocessor supports include_next
configure:14219: gcc -c -g -O2  -Iconftestd1b -Iconftestd2 conftest.c >&5
configure:14219: $? = 0
configure:14240: result: yes
configure:14261: checking whether system header files limit the line length
configure:14284: result: no
configure:14310: checking for stdio.h
configure:14310: gcc -c -g -O2  conftest.c >&5
configure:14310: $? = 0
configure:14310: result: yes
configure:14310: checking for string.h
configure:14310: result: yes
configure:14475: checking whether gcc accepts -Werror
configure:14493: gcc -c -g -O2  -Werror  conftest.c >&5
configure:14493: $? = 0
configure:14501: result: yes
configure:14510: checking whether gcc accepts -Wall
configure:14528: gcc -c -g -O2 -Werror -Wall  conftest.c >&5
configure:14528: $? = 0
configure:14536: result: yes
configure:14546: checking whether gcc accepts -Wextra
configure:14564: gcc -c -g -O2 -Werror -Wextra  conftest.c >&5
configure:14564: $? = 0
configure:14572: result: yes
configure:14582: checking whether gcc accepts -Wno-sign-compare
configure:14600: gcc -c -g -O2 -Werror -Wno-sign-compare  conftest.c >&5
configure:14600: $? = 0
configure:14608: result: yes
configure:14618: checking whether gcc accepts -Wpointer-arith
configure:14636: gcc -c -g -O2 -Werror -Wpointer-arith  conftest.c >&5
configure:14636: $? = 0
configure:14644: result: yes
configure:14654: checking whether gcc accepts -Wdeclaration-after-statement
configure:14672: gcc -c -g -O2 -Werror -Wdeclaration-after-statement  conftest.c >&5
configure:14672: $? = 0
configure:14680: result: yes
configure:14690: checking whether gcc accepts -Wformat-security
configure:14708: gcc -c -g -O2 -Werror -Wformat-security  conftest.c >&5
configure:14708: $? = 0
configure:14716: result: yes
configure:14726: checking whether gcc accepts -Wno-format-zero-length
configure:14744: gcc -c -g -O2 -Werror -Wno-format-zero-length  conftest.c >&5
configure:14744: $? = 0
configure:14752: result: yes
configure:14762: checking whether gcc accepts -Wswitch-enum
configure:14780: gcc -c -g -O2 -Werror -Wswitch-enum  conftest.c >&5
configure:14780: $? = 0
configure:14788: result: yes
configure:14798: checking whether gcc accepts -Wunused-parameter
configure:14816: gcc -c -g -O2 -Werror -Wunused-parameter  conftest.c >&5
configure:14816: $? = 0
configure:14824: result: yes
configure:14834: checking whether gcc accepts -Wstrict-aliasing
configure:14852: gcc -c -g -O2 -Werror -Wstrict-aliasing  conftest.c >&5
configure:14852: $? = 0
configure:14860: result: yes
configure:14870: checking whether gcc accepts -Wbad-function-cast
configure:14888: gcc -c -g -O2 -Werror -Wbad-function-cast  conftest.c >&5
configure:14888: $? = 0
configure:14896: result: yes
configure:14906: checking whether gcc accepts -Wcast-align
configure:14924: gcc -c -g -O2 -Werror -Wcast-align  conftest.c >&5
configure:14924: $? = 0
configure:14932: result: yes
configure:14942: checking whether gcc accepts -Wstrict-prototypes
configure:14960: gcc -c -g -O2 -Werror -Wstrict-prototypes  conftest.c >&5
conftest.c:61:1: error: function declaration isn't a prototype [-Werror=strict-prototypes]
 main ()
 ^
cc1: all warnings being treated as errors
configure:14960: $? = 1
configure: failed program was:
| /* confdefs.h */
| #define PACKAGE_NAME "openvswitch"
| #define PACKAGE_TARNAME "openvswitch"
| #define PACKAGE_VERSION "2.3.0"
| #define PACKAGE_STRING "openvswitch 2.3.0"
| #define PACKAGE_BUGREPORT "bugs@openvswitch.org"
| #define PACKAGE_URL ""
| #define PACKAGE "openvswitch"
| #define VERSION "2.3.0"
| #define STDC_HEADERS 1
| #define HAVE_SYS_TYPES_H 1
| #define HAVE_SYS_STAT_H 1
| #define HAVE_STDLIB_H 1
| #define HAVE_STRING_H 1
| #define HAVE_MEMORY_H 1
| #define HAVE_STRINGS_H 1
| #define HAVE_INTTYPES_H 1
| #define HAVE_STDINT_H 1
| #define HAVE_UNISTD_H 1
| #define __EXTENSIONS__ 1
| #define _ALL_SOURCE 1
| #define _GNU_SOURCE 1
| #define _POSIX_PTHREAD_SEMANTICS 1
| #define _TANDEM_SOURCE 1
| #define _FILE_OFFSET_BITS 64
| #define HAVE_DLFCN_H 1
| #define LT_OBJDIR ".libs/"
| #define HAVE_DECL_STRERROR_R 1
| #define HAVE_STRERROR_R 1
| #define STRERROR_R_CHAR_P 1
| #define HAVE_NETLINK 1
| #define HAVE_OPENSSL 1
| #define HAVE_IF_PACKET 1
| #define HAVE_DECL_SYS_SIGLIST 1
| #define HAVE_STRUCT_STAT_ST_MTIM_TV_NSEC 1
| #define HAVE_MLOCKALL 1
| #define HAVE_STRNLEN 1
| #define HAVE_GETLOADAVG 1
| #define HAVE_STATVFS 1
| #define HAVE_GETMNTENT_R 1
| #define HAVE_MNTENT_H 1
| #define HAVE_SYS_STATVFS_H 1
| #define HAVE_LINUX_TYPES_H 1
| #define HAVE_LINUX_IF_ETHER_H 1
| #define HAVE_BACKTRACE 1
| #define HAVE_MALLOC_HOOKS 1
| #define HAVE_VALGRIND_VALGRIND_H 1
| #define HAVE___THREAD 1
| #define HAVE_GCC4_ATOMICS 1
| #define ATOMIC_ALWAYS_LOCK_FREE_1B 1
| #define ATOMIC_ALWAYS_LOCK_FREE_2B 1
| #define ATOMIC_ALWAYS_LOCK_FREE_4B 1
| #define ATOMIC_ALWAYS_LOCK_FREE_8B 1
| #define HAVE_GLIBC_PTHREAD_SETNAME_NP 1
| #define HAVE_POSIX_MEMALIGN 1
| #define HAVE_STDIO_H 1
| #define HAVE_STRING_H 1
| /* end confdefs.h.  */
| 
| int
| main ()
| {
| 
|   ;
|   return 0;
| }
configure:14968: result: no
configure:14978: checking whether gcc accepts -Wold-style-definition
configure:14996: gcc -c -g -O2 -Werror -Wold-style-definition  conftest.c >&5
conftest.c: In function 'main':
conftest.c:61:1: error: old-style function definition [-Werror=old-style-definition]
 main ()
 ^
cc1: all warnings being treated as errors
configure:14996: $? = 1
configure: failed program was:
| /* confdefs.h */
| #define PACKAGE_NAME "openvswitch"
| #define PACKAGE_TARNAME "openvswitch"
| #define PACKAGE_VERSION "2.3.0"
| #define PACKAGE_STRING "openvswitch 2.3.0"
| #define PACKAGE_BUGREPORT "bugs@openvswitch.org"
| #define PACKAGE_URL ""
| #define PACKAGE "openvswitch"
| #define VERSION "2.3.0"
| #define STDC_HEADERS 1
| #define HAVE_SYS_TYPES_H 1
| #define HAVE_SYS_STAT_H 1
| #define HAVE_STDLIB_H 1
| #define HAVE_STRING_H 1
| #define HAVE_MEMORY_H 1
| #define HAVE_STRINGS_H 1
| #define HAVE_INTTYPES_H 1
| #define HAVE_STDINT_H 1
| #define HAVE_UNISTD_H 1
| #define __EXTENSIONS__ 1
| #define _ALL_SOURCE 1
| #define _GNU_SOURCE 1
| #define _POSIX_PTHREAD_SEMANTICS 1
| #define _TANDEM_SOURCE 1
| #define _FILE_OFFSET_BITS 64
| #define HAVE_DLFCN_H 1
| #define LT_OBJDIR ".libs/"
| #define HAVE_DECL_STRERROR_R 1
| #define HAVE_STRERROR_R 1
| #define STRERROR_R_CHAR_P 1
| #define HAVE_NETLINK 1
| #define HAVE_OPENSSL 1
| #define HAVE_IF_PACKET 1
| #define HAVE_DECL_SYS_SIGLIST 1
| #define HAVE_STRUCT_STAT_ST_MTIM_TV_NSEC 1
| #define HAVE_MLOCKALL 1
| #define HAVE_STRNLEN 1
| #define HAVE_GETLOADAVG 1
| #define HAVE_STATVFS 1
| #define HAVE_GETMNTENT_R 1
| #define HAVE_MNTENT_H 1
| #define HAVE_SYS_STATVFS_H 1
| #define HAVE_LINUX_TYPES_H 1
| #define HAVE_LINUX_IF_ETHER_H 1
| #define HAVE_BACKTRACE 1
| #define HAVE_MALLOC_HOOKS 1
| #define HAVE_VALGRIND_VALGRIND_H 1
| #define HAVE___THREAD 1
| #define HAVE_GCC4_ATOMICS 1
| #define ATOMIC_ALWAYS_LOCK_FREE_1B 1
| #define ATOMIC_ALWAYS_LOCK_FREE_2B 1
| #define ATOMIC_ALWAYS_LOCK_FREE_4B 1
| #define ATOMIC_ALWAYS_LOCK_FREE_8B 1
| #define HAVE_GLIBC_PTHREAD_SETNAME_NP 1
| #define HAVE_POSIX_MEMALIGN 1
| #define HAVE_STDIO_H 1
| #define HAVE_STRING_H 1
| /* end confdefs.h.  */
| 
| int
| main ()
| {
| 
|   ;
|   return 0;
| }
configure:15004: result: no
configure:15014: checking whether gcc accepts -Wmissing-prototypes
configure:15032: gcc -c -g -O2 -Werror -Wmissing-prototypes  conftest.c >&5
configure:15032: $? = 0
configure:15040: result: yes
configure:15050: checking whether gcc accepts -Wmissing-field-initializers
configure:15068: gcc -c -g -O2 -Werror -Wmissing-field-initializers  conftest.c >&5
configure:15068: $? = 0
configure:15076: result: yes
configure:15086: checking whether gcc accepts -Wthread-safety
configure:15104: gcc -c -g -O2 -Werror -Wthread-safety  conftest.c >&5
gcc: error: unrecognized command line option '-Wthread-safety'
configure:15104: $? = 1
configure: failed program was:
| /* confdefs.h */
| #define PACKAGE_NAME "openvswitch"
| #define PACKAGE_TARNAME "openvswitch"
| #define PACKAGE_VERSION "2.3.0"
| #define PACKAGE_STRING "openvswitch 2.3.0"
| #define PACKAGE_BUGREPORT "bugs@openvswitch.org"
| #define PACKAGE_URL ""
| #define PACKAGE "openvswitch"
| #define VERSION "2.3.0"
| #define STDC_HEADERS 1
| #define HAVE_SYS_TYPES_H 1
| #define HAVE_SYS_STAT_H 1
| #define HAVE_STDLIB_H 1
| #define HAVE_STRING_H 1
| #define HAVE_MEMORY_H 1
| #define HAVE_STRINGS_H 1
| #define HAVE_INTTYPES_H 1
| #define HAVE_STDINT_H 1
| #define HAVE_UNISTD_H 1
| #define __EXTENSIONS__ 1
| #define _ALL_SOURCE 1
| #define _GNU_SOURCE 1
| #define _POSIX_PTHREAD_SEMANTICS 1
| #define _TANDEM_SOURCE 1
| #define _FILE_OFFSET_BITS 64
| #define HAVE_DLFCN_H 1
| #define LT_OBJDIR ".libs/"
| #define HAVE_DECL_STRERROR_R 1
| #define HAVE_STRERROR_R 1
| #define STRERROR_R_CHAR_P 1
| #define HAVE_NETLINK 1
| #define HAVE_OPENSSL 1
| #define HAVE_IF_PACKET 1
| #define HAVE_DECL_SYS_SIGLIST 1
| #define HAVE_STRUCT_STAT_ST_MTIM_TV_NSEC 1
| #define HAVE_MLOCKALL 1
| #define HAVE_STRNLEN 1
| #define HAVE_GETLOADAVG 1
| #define HAVE_STATVFS 1
| #define HAVE_GETMNTENT_R 1
| #define HAVE_MNTENT_H 1
| #define HAVE_SYS_STATVFS_H 1
| #define HAVE_LINUX_TYPES_H 1
| #define HAVE_LINUX_IF_ETHER_H 1
| #define HAVE_BACKTRACE 1
| #define HAVE_MALLOC_HOOKS 1
| #define HAVE_VALGRIND_VALGRIND_H 1
| #define HAVE___THREAD 1
| #define HAVE_GCC4_ATOMICS 1
| #define ATOMIC_ALWAYS_LOCK_FREE_1B 1
| #define ATOMIC_ALWAYS_LOCK_FREE_2B 1
| #define ATOMIC_ALWAYS_LOCK_FREE_4B 1
| #define ATOMIC_ALWAYS_LOCK_FREE_8B 1
| #define HAVE_GLIBC_PTHREAD_SETNAME_NP 1
| #define HAVE_POSIX_MEMALIGN 1
| #define HAVE_STDIO_H 1
| #define HAVE_STRING_H 1
| /* end confdefs.h.  */
| 
| int
| main ()
| {
| 
|   ;
|   return 0;
| }
configure:15112: result: no
configure:15122: checking whether gcc accepts -Wno-unused
configure:15140: gcc -c -g -O2 -Werror -Wno-unused  conftest.c >&5
configure:15140: $? = 0
configure:15148: result: yes
configure:15165: checking whether gcc accepts -Wno-unused-parameter
configure:15183: gcc -c -g -O2 -Werror -Wno-unused-parameter  conftest.c >&5
configure:15183: $? = 0
configure:15191: result: yes
configure:15215: checking target hint for cgcc
configure:15229: result: x86
configure:15241: checking whether make has GNU make $(if) extension
configure:15252: invoking make -f conftest.mk all:
echo y > conftest.out
configure:15254: conftest.out contains:
y
configure:15264: result: yes
configure:17141: checking whether make supports nested variables
configure:17158: result: yes
configure:17279: checking that generated files are newer than configure
configure:17285: result: done
configure:17387: creating ./config.status

## ---------------------- ##
## Running config.status. ##
## ---------------------- ##

This file was extended by openvswitch config.status 2.3.0, which was
generated by GNU Autoconf 2.69.  Invocation command line was

  CONFIG_FILES    = 
  CONFIG_HEADERS  = 
  CONFIG_LINKS    = 
  CONFIG_COMMANDS = 
  $ ./config.status 

on davide-MS-1688

config.status:1195: creating lib/stdio.h
config.status:1195: creating lib/string.h
config.status:1195: creating Makefile
config.status:1195: creating datapath/Makefile
config.status:1195: creating datapath/linux/Kbuild
config.status:1195: creating datapath/linux/Makefile
config.status:1195: creating datapath/linux/Makefile.main
config.status:1195: creating tests/atlocal
config.status:1195: creating config.h
config.status:1376: config.h is unchanged
config.status:1424: executing tests/atconfig commands
config.status:1424: executing depfiles commands
config.status:1424: executing libtool commands
config.status:1424: executing include/openflow/openflow.h.stamp commands
config.status:1424: executing utilities/bugtool/dummy commands

## ---------------- ##
## Cache variables. ##
## ---------------- ##

ac_cv_build=i686-pc-linux-gnu
ac_cv_c_bigendian=no
ac_cv_c_compiler_gnu=yes
ac_cv_env_CC_set=
ac_cv_env_CC_value=
ac_cv_env_CFLAGS_set=
ac_cv_env_CFLAGS_value=
ac_cv_env_CPPFLAGS_set=
ac_cv_env_CPPFLAGS_value=
ac_cv_env_CPP_set=
ac_cv_env_CPP_value=
ac_cv_env_KARCH_set=
ac_cv_env_KARCH_value=
ac_cv_env_LDFLAGS_set=
ac_cv_env_LDFLAGS_value=
ac_cv_env_LIBS_set=
ac_cv_env_LIBS_value=
ac_cv_env_PERL_set=
ac_cv_env_PERL_value=
ac_cv_env_build_alias_set=
ac_cv_env_build_alias_value=
ac_cv_env_host_alias_set=
ac_cv_env_host_alias_value=
ac_cv_env_target_alias_set=
ac_cv_env_target_alias_value=
ac_cv_func_getloadavg=yes
ac_cv_func_getmntent_r=yes
ac_cv_func_mlockall=yes
ac_cv_func_pthread_set_name_np=no
ac_cv_func_statvfs=yes
ac_cv_func_strerror_r=yes
ac_cv_func_strerror_r_char_p=yes
ac_cv_func_strnlen=yes
ac_cv_have_decl_strerror_r=yes
ac_cv_have_decl_sys_siglist=yes
ac_cv_header_dlfcn_h=yes
ac_cv_header_inttypes_h=yes
ac_cv_header_linux_if_ether_h=yes
ac_cv_header_linux_netlink_h=yes
ac_cv_header_linux_types_h=yes
ac_cv_header_memory_h=yes
ac_cv_header_minix_config_h=no
ac_cv_header_mntent_h=yes
ac_cv_header_net_if_dl_h=no
ac_cv_header_net_if_mib_h=no
ac_cv_header_net_if_packet_h=yes
ac_cv_header_stdatomic_h=no
ac_cv_header_stdc=yes
ac_cv_header_stdint_h=yes
ac_cv_header_stdio_h=yes
ac_cv_header_stdlib_h=yes
ac_cv_header_string_h=yes
ac_cv_header_strings_h=yes
ac_cv_header_sys_stat_h=yes
ac_cv_header_sys_statvfs_h=yes
ac_cv_header_sys_types_h=yes
ac_cv_header_unistd_h=yes
ac_cv_header_valgrind_valgrind_h=yes
ac_cv_header_vmware_h=no
ac_cv_header_windows_h=no
ac_cv_host=i686-pc-linux-gnu
ac_cv_lib_socket_connect=no
ac_cv_member_struct_ifreq_ifr_flagshigh=no
ac_cv_member_struct_stat_st_mtim_tv_nsec=yes
ac_cv_member_struct_stat_st_mtimensec=no
ac_cv_objext=o
ac_cv_path_EGREP='/bin/grep -E'
ac_cv_path_FGREP='/bin/grep -F'
ac_cv_path_GREP=/bin/grep
ac_cv_path_PERL=/usr/bin/perl
ac_cv_path_PKG_CONFIG=/usr/bin/pkg-config
ac_cv_path_SED=/bin/sed
ac_cv_path_install='/usr/bin/install -c'
ac_cv_path_mkdir=/bin/mkdir
ac_cv_prog_AWK=gawk
ac_cv_prog_CPP='gcc -E'
ac_cv_prog_ac_ct_AR=ar
ac_cv_prog_ac_ct_CC=gcc
ac_cv_prog_ac_ct_MANIFEST_TOOL=mt
ac_cv_prog_ac_ct_OBJDUMP=objdump
ac_cv_prog_ac_ct_RANLIB=ranlib
ac_cv_prog_ac_ct_STRIP=strip
ac_cv_prog_cc_c89=
ac_cv_prog_cc_g=yes
ac_cv_prog_make_make_set=yes
ac_cv_safe_to_define___extensions__=yes
ac_cv_search___atomic_load_8=-latomic
ac_cv_search_aio_write='none required'
ac_cv_search_backtrace='none required'
ac_cv_search_clock_gettime='none required'
ac_cv_search_gethostbyname='none required'
ac_cv_search_pow=-lm
ac_cv_search_pthread_sigmask=-lpthread
ac_cv_search_timer_create=-lrt
ac_cv_sparse_target=x86
ac_cv_sys_file_offset_bits=64
ac_cv_sys_largefile_CC=no
am_cv_CC_dependencies_compiler_type=gcc3
am_cv_make_support_nested_variables=yes
am_cv_prog_cc_c_o=yes
ax_cv_func_posix_memalign_works=yes
gl_cv_have_include_next=yes
gl_cv_next_stdio_h='<stdio.h>'
gl_cv_next_string_h='<string.h>'
gl_cv_pragma_columns=no
lt_cv_ar_at_file=@
lt_cv_deplibs_check_method=pass_all
lt_cv_file_magic_cmd='$MAGIC_CMD'
lt_cv_file_magic_test_file=
lt_cv_ld_reload_flag=-r
lt_cv_nm_interface='BSD nm'
lt_cv_objdir=.libs
lt_cv_path_LD=/usr/bin/ld
lt_cv_path_NM='/usr/bin/nm -B'
lt_cv_path_mainfest_tool=no
lt_cv_prog_compiler_c_o=yes
lt_cv_prog_compiler_pic='-fPIC -DPIC'
lt_cv_prog_compiler_pic_works=yes
lt_cv_prog_compiler_rtti_exceptions=no
lt_cv_prog_compiler_static_works=yes
lt_cv_prog_gnu_ld=yes
lt_cv_sharedlib_from_linklib_cmd='printf %s\n'
lt_cv_shlibpath_overrides_runpath=no
lt_cv_sys_global_symbol_pipe='sed -n -e '\''s/^.*[	 ]\([ABCDGIRSTW][ABCDGIRSTW]*\)[	 ][	 ]*\([_A-Za-z][_A-Za-z0-9]*\)$/\1 \2 \2/p'\'' | sed '\''/ __gnu_lto/d'\'''
lt_cv_sys_global_symbol_to_c_name_address='sed -n -e '\''s/^: \([^ ]*\)[ ]*$/  {\"\1\", (void *) 0},/p'\'' -e '\''s/^[ABCDGIRSTW]* \([^ ]*\) \([^ ]*\)$/  {"\2", (void *) \&\2},/p'\'''
lt_cv_sys_global_symbol_to_c_name_address_lib_prefix='sed -n -e '\''s/^: \([^ ]*\)[ ]*$/  {\"\1\", (void *) 0},/p'\'' -e '\''s/^[ABCDGIRSTW]* \([^ ]*\) \(lib[^ ]*\)$/  {"\2", (void *) \&\2},/p'\'' -e '\''s/^[ABCDGIRSTW]* \([^ ]*\) \([^ ]*\)$/  {"lib\2", (void *) \&\2},/p'\'''
lt_cv_sys_global_symbol_to_cdecl='sed -n -e '\''s/^T .* \(.*\)$/extern int \1();/p'\'' -e '\''s/^[ABCDGIRSTW]* .* \(.*\)$/extern char \1;/p'\'''
lt_cv_sys_max_cmd_len=1572864
lt_cv_to_host_file_cmd=func_convert_file_noop
lt_cv_to_tool_file_cmd=func_convert_file_noop
ovs_cv__Wall=yes
ovs_cv__Wbad_function_cast=yes
ovs_cv__Wcast_align=yes
ovs_cv__Wdeclaration_after_statement=yes
ovs_cv__Werror=yes
ovs_cv__Wextra=yes
ovs_cv__Wformat_security=yes
ovs_cv__Wmissing_field_initializers=yes
ovs_cv__Wmissing_prototypes=yes
ovs_cv__Wno_format_zero_length=yes
ovs_cv__Wno_sign_compare=yes
ovs_cv__Wno_unused=yes
ovs_cv__Wno_unused_parameter=yes
ovs_cv__Wold_style_definition=no
ovs_cv__Wpointer_arith=yes
ovs_cv__Wstrict_aliasing=yes
ovs_cv__Wstrict_prototypes=no
ovs_cv__Wswitch_enum=yes
ovs_cv__Wthread_safety=no
ovs_cv__Wunused_parameter=yes
ovs_cv___thread=yes
ovs_cv_atomic_always_lock_free_1=1
ovs_cv_atomic_always_lock_free_2=1
ovs_cv_atomic_always_lock_free_4=1
ovs_cv_atomic_always_lock_free_8=1
ovs_cv_dot=no
ovs_cv_gcc4_atomics=yes
ovs_cv_gnu_make=yes
ovs_cv_gnu_make_if=yes
ovs_cv_groff=yes
ovs_cv_linux=true
ovs_cv_malloc_hooks=yes
ovs_cv_pthread_setname_np=glibc
ovs_cv_py_uuid=yes
ovs_cv_python=/usr/bin/python
ovs_cv_strtok_r_bug=no
ovs_cv_thread_local=no
ovs_cv_xsversion=none

## ----------------- ##
## Output variables. ##
## ----------------- ##

ACLOCAL='${SHELL} /home/davide/Scrivania/Tesi/ovs-openstate/build-aux/missing aclocal-1.14'
AMDEPBACKSLASH='\'
AMDEP_FALSE='#'
AMDEP_TRUE=''
AMTAR='$${TAR-tar}'
AM_BACKSLASH='\'
AM_DEFAULT_V='$(AM_DEFAULT_VERBOSITY)'
AM_DEFAULT_VERBOSITY='1'
AM_V='$(V)'
AR='ar'
AUTOCONF='${SHELL} /home/davide/Scrivania/Tesi/ovs-openstate/build-aux/missing autoconf'
AUTOHEADER='${SHELL} /home/davide/Scrivania/Tesi/ovs-openstate/build-aux/missing autoheader'
AUTOM4TE='${SHELL} /home/davide/Scrivania/Tesi/ovs-openstate/build-aux/missing autom4te'
AUTOMAKE='${SHELL} /home/davide/Scrivania/Tesi/ovs-openstate/build-aux/missing automake-1.14'
AWK='gawk'
CC='$(if $(C),env REAL_CC="gcc" CHECK="$(SPARSE) -I $(top_srcdir)/include/sparse $(SPARSEFLAGS) $(SPARSE_EXTRA_INCLUDES) " cgcc $(CGCCFLAGS),gcc)'
CCDEPMODE='depmode=gcc3'
CFLAGS='-g -O2'
CGCCFLAGS='-target=i86'
CPP='gcc -E'
CPPFLAGS=''
CYGPATH_W='echo'
DBDIR='${sysconfdir}/${PACKAGE}'
DEFS='-DHAVE_CONFIG_H'
DEPDIR='.deps'
DLLTOOL='false'
DPDK_NETDEV_FALSE=''
DPDK_NETDEV_TRUE='#'
DSYMUTIL=''
DUMPBIN=''
ECHO_C=''
ECHO_N='-n'
ECHO_T=''
EGREP='/bin/grep -E'
ESX_FALSE=''
ESX_TRUE='#'
EXEEXT=''
FGREP='/bin/grep -F'
GNU_MAKE_FALSE='#'
GNU_MAKE_TRUE=''
GREP='/bin/grep'
HAVE_DOT_FALSE=''
HAVE_DOT_TRUE='#'
HAVE_GROFF_FALSE='#'
HAVE_GROFF_TRUE=''
HAVE_IF_DL_FALSE=''
HAVE_IF_DL_TRUE='#'
HAVE_IF_PACKET_FALSE='#'
HAVE_IF_PACKET_TRUE=''
HAVE_NETLINK_FALSE='#'
HAVE_NETLINK_TRUE=''
HAVE_OPENSSL='yes'
HAVE_OPENSSL_FALSE='#'
HAVE_OPENSSL_TRUE=''
HAVE_POSIX_AIO_FALSE='#'
HAVE_POSIX_AIO_TRUE=''
HAVE_PYTHON='yes'
HAVE_PYTHON_FALSE='#'
HAVE_PYTHON_TRUE=''
HAVE_WNO_UNUSED_FALSE='#'
HAVE_WNO_UNUSED_PARAMETER_FALSE='#'
HAVE_WNO_UNUSED_PARAMETER_TRUE=''
HAVE_WNO_UNUSED_TRUE=''
INCLUDE_NEXT='include_next'
INCLUDE_NEXT_AS_FIRST_DIRECTIVE='include_next'
INCLUDE_PYTHON_COMPAT_FALSE=''
INCLUDE_PYTHON_COMPAT_TRUE='#'
INSTALL_DATA='${INSTALL} -m 644'
INSTALL_PROGRAM='${INSTALL}'
INSTALL_SCRIPT='${INSTALL}'
INSTALL_STRIP_PROGRAM='$(install_sh) -c -s'
KARCH=''
KBUILD=''
LD='/usr/bin/ld'
LDFLAGS=''
LIBOBJS=''
LIBS='-latomic -lpthread -lrt -lm '
LIBTOOL='$(SHELL) $(top_builddir)/libtool'
LINUX_ENABLED_FALSE=''
LINUX_ENABLED_TRUE='#'
LINUX_FALSE='#'
LINUX_TRUE=''
LIPO=''
LN_S='ln -s'
LOGDIR='${localstatedir}/log/${PACKAGE}'
LTLIBOBJS=''
MAKEINFO='${SHELL} /home/davide/Scrivania/Tesi/ovs-openstate/build-aux/missing makeinfo'
MANIFEST_TOOL=':'
MKDIR_P='/bin/mkdir -p'
NDEBUG_FALSE=''
NDEBUG_TRUE='#'
NEXT_AS_FIRST_DIRECTIVE_STDIO_H='<stdio.h>'
NEXT_AS_FIRST_DIRECTIVE_STRING_H='<string.h>'
NEXT_STDIO_H='<stdio.h>'
NEXT_STRING_H='<string.h>'
NM='/usr/bin/nm -B'
NMEDIT=''
OBJDUMP='objdump'
OBJEXT='o'
OTOOL64=''
OTOOL=''
PACKAGE='openvswitch'
PACKAGE_BUGREPORT='bugs@openvswitch.org'
PACKAGE_NAME='openvswitch'
PACKAGE_STRING='openvswitch 2.3.0'
PACKAGE_TARNAME='openvswitch'
PACKAGE_URL=''
PACKAGE_VERSION='2.3.0'
PATH_SEPARATOR=':'
PERL='/usr/bin/perl'
PKG_CONFIG='/usr/bin/pkg-config'
PKIDIR='${localstatedir}/lib/openvswitch/pki'
PRAGMA_COLUMNS=''
PRAGMA_SYSTEM_HEADER='#pragma GCC system_header'
PTHREAD_INCLUDES=''
PTHREAD_LDFLAGS=''
PTHREAD_LIBS=''
PYTHON='/usr/bin/python'
RANLIB='ranlib'
RUNDIR='${localstatedir}/run/openvswitch'
SED='/bin/sed'
SET_MAKE=''
SHELL='/bin/bash'
SPARSE='sparse'
SPARSEFLAGS=''
SPARSE_EXTRA_INCLUDES='-I /usr/local/include -I /usr/include/i386-linux-gnu '
SSL_INCLUDES=' '
SSL_LDFLAGS=' '
SSL_LIBS='-lssl -lcrypto  '
STRIP='strip'
VERSION='2.3.0'
WARNING_FLAGS=' -Wall -Wextra -Wno-sign-compare -Wpointer-arith -Wdeclaration-after-statement -Wformat-security -Wno-format-zero-length -Wswitch-enum -Wunused-parameter -Wstrict-aliasing -Wbad-function-cast -Wcast-align -Wmissing-prototypes -Wmissing-field-initializers'
WIN32_FALSE=''
WIN32_TRUE='#'
ac_ct_AR='ar'
ac_ct_CC='gcc'
ac_ct_DUMPBIN=''
am__EXEEXT_FALSE=''
am__EXEEXT_TRUE='#'
am__fastdepCC_FALSE='#'
am__fastdepCC_TRUE=''
am__include='include'
am__isrc=''
am__leading_dot='.'
am__nodep='_no'
am__quote=''
am__tar='$${TAR-tar} chof - "$$tardir"'
am__untar='$${TAR-tar} xf -'
bindir='${exec_prefix}/bin'
build='i686-pc-linux-gnu'
build_alias=''
build_cpu='i686'
build_os='linux-gnu'
build_vendor='pc'
datadir='${datarootdir}'
datarootdir='${prefix}/share'
docdir='${datarootdir}/doc/${PACKAGE_TARNAME}'
dvidir='${docdir}'
exec_prefix='${prefix}'
host='i686-pc-linux-gnu'
host_alias=''
host_cpu='i686'
host_os='linux-gnu'
host_vendor='pc'
htmldir='${docdir}'
includedir='${prefix}/include'
infodir='${datarootdir}/info'
install_sh='${SHELL} /home/davide/Scrivania/Tesi/ovs-openstate/build-aux/install-sh'
libdir='${exec_prefix}/lib'
libexecdir='${exec_prefix}/libexec'
localedir='${datarootdir}/locale'
localstatedir='${prefix}/var'
mandir='${datarootdir}/man'
mkdir_p='$(MKDIR_P)'
oldincludedir='/usr/include'
pdfdir='${docdir}'
prefix='/usr/local'
program_transform_name='s,x,x,'
psdir='${docdir}'
sbindir='${exec_prefix}/sbin'
sharedstatedir='${prefix}/com'
sysconfdir='${prefix}/etc'
target_alias=''

## ----------- ##
## confdefs.h. ##
## ----------- ##

/* confdefs.h */
#define PACKAGE_NAME "openvswitch"
#define PACKAGE_TARNAME "openvswitch"
#define PACKAGE_VERSION "2.3.0"
#define PACKAGE_STRING "openvswitch 2.3.0"
#define PACKAGE_BUGREPORT "bugs@openvswitch.org"
#define PACKAGE_URL ""
#define PACKAGE "openvswitch"
#define VERSION "2.3.0"
#define STDC_HEADERS 1
#define HAVE_SYS_TYPES_H 1
#define HAVE_SYS_STAT_H 1
#define HAVE_STDLIB_H 1
#define HAVE_STRING_H 1
#define HAVE_MEMORY_H 1
#define HAVE_STRINGS_H 1
#define HAVE_INTTYPES_H 1
#define HAVE_STDINT_H 1
#define HAVE_UNISTD_H 1
#define __EXTENSIONS__ 1
#define _ALL_SOURCE 1
#define _GNU_SOURCE 1
#define _POSIX_PTHREAD_SEMANTICS 1
#define _TANDEM_SOURCE 1
#define _FILE_OFFSET_BITS 64
#define HAVE_DLFCN_H 1
#define LT_OBJDIR ".libs/"
#define HAVE_DECL_STRERROR_R 1
#define HAVE_STRERROR_R 1
#define STRERROR_R_CHAR_P 1
#define HAVE_NETLINK 1
#define HAVE_OPENSSL 1
#define HAVE_IF_PACKET 1
#define HAVE_DECL_SYS_SIGLIST 1
#define HAVE_STRUCT_STAT_ST_MTIM_TV_NSEC 1
#define HAVE_MLOCKALL 1
#define HAVE_STRNLEN 1
#define HAVE_GETLOADAVG 1
#define HAVE_STATVFS 1
#define HAVE_GETMNTENT_R 1
#define HAVE_MNTENT_H 1
#define HAVE_SYS_STATVFS_H 1
#define HAVE_LINUX_TYPES_H 1
#define HAVE_LINUX_IF_ETHER_H 1
#define HAVE_BACKTRACE 1
#define HAVE_MALLOC_HOOKS 1
#define HAVE_VALGRIND_VALGRIND_H 1
#define HAVE___THREAD 1
#define HAVE_GCC4_ATOMICS 1
#define ATOMIC_ALWAYS_LOCK_FREE_1B 1
#define ATOMIC_ALWAYS_LOCK_FREE_2B 1
#define ATOMIC_ALWAYS_LOCK_FREE_4B 1
#define ATOMIC_ALWAYS_LOCK_FREE_8B 1
#define HAVE_GLIBC_PTHREAD_SETNAME_NP 1
#define HAVE_POSIX_MEMALIGN 1
#define HAVE_STDIO_H 1
#define HAVE_STRING_H 1

configure: exit 0
